/home/alan/MC_Samples/Universality_DNN/Preprocess/JSS.py:95: RuntimeWarning: invalid value encountered in double_scalars
  return np.sum(particles['pT']*CalcDeltaRArray(particles, wta_axes).min(axis=0)) / t0(jet)
Input Check and Setting
File is loaded!
Generator (GEN) : pythia
Showering (SHO) : def
Process (PRO) : ppwz
Read Data and Jet Clustering 


Sat Nov 28 22:32:54 2020
[3;33mTime Cost : 0.2077 min[0;m
Sat Nov 28 22:33:07 2020
[3;33mTime Cost : 7.4579 min[0;m


Sat Nov 28 22:40:34 2020
Read Data


Create Pandas DataFrame


Selection and Trimming


Sat Nov 28 22:40:34 2020
There are 21493 jets.
[3;33mTime Cost : 44.9905 min[0;m
Make Jet Images


Sat Nov 28 23:25:34 2020
There are 21493 jet images.
[3;33mTime Cost : 0.2868 min[0;m
