/home/alan/MC_Samples/Universality_DNN/Preprocess/JSS.py:95: RuntimeWarning: invalid value encountered in double_scalars
  return np.sum(particles['pT']*CalcDeltaRArray(particles, wta_axes).min(axis=0)) / t0(jet)
Input Check and Setting
File is loaded!
Generator (GEN) : pythia
Showering (SHO) : def
Process (PRO) : ppwz
Read Data and Jet Clustering 


Sat Nov 28 09:29:30 2020
[3;33mTime Cost : 0.2381 min[0;m
Sat Nov 28 09:29:44 2020
[3;33mTime Cost : 66.1297 min[0;m


Sat Nov 28 10:35:52 2020
Read Data


Create Pandas DataFrame


Selection and Trimming


Sat Nov 28 10:35:52 2020
There are 21342 jets.
[3;33mTime Cost : 50.2544 min[0;m
Make Jet Images


Sat Nov 28 11:26:07 2020
There are 21342 jet images.
[3;33mTime Cost : 0.2582 min[0;m
