/home/alan/MC_Samples/Universality_DNN/Preprocess/JSS.py:95: RuntimeWarning: invalid value encountered in double_scalars
  return np.sum(particles['pT']*CalcDeltaRArray(particles, wta_axes).min(axis=0)) / t0(jet)
Input Check and Setting
File is loaded!
Generator (GEN) : pythia
Showering (SHO) : def
Process (PRO) : ppwz
Read Data and Jet Clustering 


Fri Nov 27 09:51:49 2020
[3;33mTime Cost : 0.2308 min[0;m
Fri Nov 27 09:52:03 2020
[3;33mTime Cost : 7.5373 min[0;m


Fri Nov 27 09:59:35 2020
Read Data


Create Pandas DataFrame


Selection and Trimming


Fri Nov 27 09:59:35 2020
There are 21219 jets.
[3;33mTime Cost : 155.6742 min[0;m
Make Jet Images


Fri Nov 27 12:35:16 2020
There are 21219 jet images.
[3;33mTime Cost : 0.3056 min[0;m
