Input Check and Setting
File is loaded!
Generator (GEN) : sherpa
Showering (SHO) : def
Process (PRO) : ppjj
Read Data and Jet Clustering 


Fri Nov 27 09:48:06 2020
[3;33mTime Cost : 0.2233 min[0;m
Fri Nov 27 09:48:19 2020
[3;33mTime Cost : 8.2261 min[0;m


Fri Nov 27 09:56:33 2020
Read Data


Create Pandas DataFrame


Selection and Trimming


Fri Nov 27 09:56:33 2020
There are 25404 jets.
[3;33mTime Cost : 192.7151 min[0;m
Make Jet Images


Fri Nov 27 13:09:16 2020
There are 25404 jet images.
[3;33mTime Cost : 0.2897 min[0;m
