Input Check and Setting
File is loaded!
Generator (GEN) : sherpa
Showering (SHO) : def
Process (PRO) : ppjj
Read Data and Jet Clustering 


Sat Nov 28 14:48:10 2020
[3;33mTime Cost : 0.1918 min[0;m
Sat Nov 28 14:48:21 2020
[3;33mTime Cost : 7.4698 min[0;m


Sat Nov 28 14:55:50 2020
Read Data


Create Pandas DataFrame


Selection and Trimming


Sat Nov 28 14:55:50 2020
There are 25432 jets.
[3;33mTime Cost : 80.2663 min[0;m
Make Jet Images


Sat Nov 28 16:16:06 2020
There are 25432 jet images.
[3;33mTime Cost : 0.2838 min[0;m
