Input Check and Setting
File is loaded!
Generator (GEN) : sherpa
Showering (SHO) : def
Process (PRO) : ppjj
Read Data and Jet Clustering 


Sat Nov 28 09:20:38 2020
[3;33mTime Cost : 0.2215 min[0;m
Sat Nov 28 09:20:51 2020
[3;33mTime Cost : 8.0841 min[0;m


Sat Nov 28 09:28:56 2020
Read Data


Create Pandas DataFrame


Selection and Trimming


Sat Nov 28 09:28:56 2020
There are 25680 jets.
[3;33mTime Cost : 133.8066 min[0;m
Make Jet Images


Sat Nov 28 11:42:44 2020
There are 25680 jet images.
[3;33mTime Cost : 0.2891 min[0;m
