Input Check and Setting
File is loaded!
Generator (GEN) : sherpa
Showering (SHO) : def
Process (PRO) : ppjj
Read Data and Jet Clustering 


Sat Nov 28 13:05:25 2020
[3;33mTime Cost : 0.2021 min[0;m
Sat Nov 28 13:05:37 2020
[3;33mTime Cost : 7.6384 min[0;m


Sat Nov 28 13:13:16 2020
Read Data


Create Pandas DataFrame


Selection and Trimming


Sat Nov 28 13:13:16 2020
There are 25379 jets.
[3;33mTime Cost : 79.4232 min[0;m
Make Jet Images


Sat Nov 28 14:32:41 2020
There are 25379 jet images.
[3;33mTime Cost : 0.2863 min[0;m
