Input Check and Setting
File is loaded!
Generator (GEN) : sherpa
Showering (SHO) : def
Process (PRO) : ppjj
Read Data and Jet Clustering 


Fri Nov 27 17:30:09 2020
[3;33mTime Cost : 0.2163 min[0;m
Fri Nov 27 17:30:22 2020
[3;33mTime Cost : 8.0430 min[0;m


Fri Nov 27 17:38:25 2020
Read Data


Create Pandas DataFrame


Selection and Trimming


Fri Nov 27 17:38:25 2020
There are 25320 jets.
[3;33mTime Cost : 148.5623 min[0;m
Make Jet Images


Fri Nov 27 20:06:58 2020
There are 25320 jet images.
[3;33mTime Cost : 0.2931 min[0;m
