Input Check and Setting
File is loaded!
Generator (GEN) : sherpa
Showering (SHO) : def
Process (PRO) : ppjj
Read Data and Jet Clustering 


Sat Nov 28 17:20:04 2020
[3;33mTime Cost : 0.1999 min[0;m
Sat Nov 28 17:20:16 2020
[3;33mTime Cost : 7.8913 min[0;m


Sat Nov 28 17:28:10 2020
Read Data


Create Pandas DataFrame


Selection and Trimming


Sat Nov 28 17:28:10 2020
There are 25413 jets.
[3;33mTime Cost : 81.9131 min[0;m
Make Jet Images


Sat Nov 28 18:50:05 2020
There are 25413 jet images.
[3;33mTime Cost : 0.2947 min[0;m
