Input Check and Setting
File is loaded!
Generator (GEN) : sherpa
Showering (SHO) : def
Process (PRO) : ppjj
Read Data and Jet Clustering 


Fri Nov 27 09:40:19 2020
[3;33mTime Cost : 0.2050 min[0;m
Fri Nov 27 09:40:31 2020
[3;33mTime Cost : 7.6701 min[0;m


Fri Nov 27 09:48:12 2020
Read Data


Create Pandas DataFrame


Selection and Trimming


Fri Nov 27 09:48:12 2020
There are 25531 jets.
[3;33mTime Cost : 192.6925 min[0;m
Make Jet Images


Fri Nov 27 13:00:53 2020
There are 25531 jet images.
[3;33mTime Cost : 0.3847 min[0;m
