Input Check and Setting
File is loaded!
Generator (GEN) : sherpa
Showering (SHO) : def
Process (PRO) : ppjj
Read Data and Jet Clustering 


Sat Nov 28 09:15:57 2020
[3;33mTime Cost : 0.2215 min[0;m
Sat Nov 28 09:16:10 2020
[3;33mTime Cost : 7.7596 min[0;m


Sat Nov 28 09:23:56 2020
Read Data


Create Pandas DataFrame


Selection and Trimming


Sat Nov 28 09:23:56 2020
There are 25720 jets.
[3;33mTime Cost : 132.2599 min[0;m
Make Jet Images


Sat Nov 28 11:36:12 2020
There are 25720 jet images.
[3;33mTime Cost : 0.2986 min[0;m
