Input Check and Setting
File is loaded!
Generator (GEN) : sherpa
Showering (SHO) : def
Process (PRO) : ppjj
Read Data and Jet Clustering 


Fri Nov 27 17:29:59 2020
[3;33mTime Cost : 0.2203 min[0;m
Fri Nov 27 17:30:12 2020
[3;33mTime Cost : 7.9307 min[0;m


Fri Nov 27 17:38:08 2020
Read Data


Create Pandas DataFrame


Selection and Trimming


Fri Nov 27 17:38:09 2020
There are 25773 jets.
[3;33mTime Cost : 144.3452 min[0;m
Make Jet Images


Fri Nov 27 20:02:30 2020
There are 25773 jet images.
[3;33mTime Cost : 0.3203 min[0;m
