Input Check and Setting
File is loaded!
Generator (GEN) : sherpa
Showering (SHO) : def
Process (PRO) : ppjj
Read Data and Jet Clustering 


Sat Nov 28 17:19:35 2020
[3;33mTime Cost : 0.2017 min[0;m
Sat Nov 28 17:19:47 2020
[3;33mTime Cost : 7.7963 min[0;m


Sat Nov 28 17:27:35 2020
Read Data


Create Pandas DataFrame


Selection and Trimming


Sat Nov 28 17:27:35 2020
There are 25336 jets.
[3;33mTime Cost : 84.2891 min[0;m
Make Jet Images


Sat Nov 28 18:51:52 2020
There are 25336 jet images.
[3;33mTime Cost : 0.2876 min[0;m
