/home/alan/MC_Samples/Universality_DNN/Preprocess/JSS.py:95: RuntimeWarning: invalid value encountered in double_scalars
  return np.sum(particles['pT']*CalcDeltaRArray(particles, wta_axes).min(axis=0)) / t0(jet)
Input Check and Setting
File is loaded!
Generator (GEN) : herwig
Showering (SHO) : ang
Process (PRO) : ppwz
Read Data and Jet Clustering 


Fri Nov 27 17:35:36 2020
[3;33mTime Cost : 0.2124 min[0;m
Fri Nov 27 17:35:49 2020
[3;33mTime Cost : 6.4984 min[0;m


Fri Nov 27 17:42:19 2020
Read Data


Create Pandas DataFrame


Selection and Trimming


Fri Nov 27 17:42:19 2020
There are 19499 jets.
[3;33mTime Cost : 106.0674 min[0;m
Make Jet Images


Fri Nov 27 19:28:23 2020
There are 19499 jet images.
[3;33mTime Cost : 0.2557 min[0;m
