/home/alan/MC_Samples/Universality_DNN/Preprocess/JSS.py:95: RuntimeWarning: invalid value encountered in double_scalars
  return np.sum(particles['pT']*CalcDeltaRArray(particles, wta_axes).min(axis=0)) / t0(jet)
/home/alan/MC_Samples/Universality_DNN/Preprocess/JSS.py:95: RuntimeWarning: divide by zero encountered in double_scalars
  return np.sum(particles['pT']*CalcDeltaRArray(particles, wta_axes).min(axis=0)) / t0(jet)
Input Check and Setting
File is loaded!
Generator (GEN) : herwig
Showering (SHO) : ang
Process (PRO) : ppwz
Read Data and Jet Clustering 


Fri Nov 27 17:37:01 2020
[3;33mTime Cost : 0.4248 min[0;m
Fri Nov 27 17:37:26 2020
[3;33mTime Cost : 6.5852 min[0;m


Fri Nov 27 17:44:02 2020
Read Data


Create Pandas DataFrame


Selection and Trimming


Fri Nov 27 17:44:02 2020
There are 19416 jets.
[3;33mTime Cost : 106.3799 min[0;m
Make Jet Images


Fri Nov 27 19:30:24 2020
There are 19416 jet images.
[3;33mTime Cost : 0.2404 min[0;m
