/home/alan/MC_Samples/Universality_DNN/Preprocess/JSS.py:95: RuntimeWarning: invalid value encountered in double_scalars
  return np.sum(particles['pT']*CalcDeltaRArray(particles, wta_axes).min(axis=0)) / t0(jet)
Input Check and Setting
File is loaded!
Generator (GEN) : herwig
Showering (SHO) : ang
Process (PRO) : ppwz
Read Data and Jet Clustering 


Sat Nov 28 09:05:46 2020
[3;33mTime Cost : 0.1831 min[0;m
Sat Nov 28 09:05:57 2020
[3;33mTime Cost : 6.1520 min[0;m


Sat Nov 28 09:12:06 2020
Read Data


Create Pandas DataFrame


Selection and Trimming


Sat Nov 28 09:12:06 2020
There are 19569 jets.
[3;33mTime Cost : 102.4205 min[0;m
Make Jet Images


Sat Nov 28 10:54:31 2020
There are 19569 jet images.
[3;33mTime Cost : 0.2950 min[0;m
