/home/alan/MC_Samples/Universality_DNN/Preprocess/JSS.py:95: RuntimeWarning: invalid value encountered in double_scalars
  return np.sum(particles['pT']*CalcDeltaRArray(particles, wta_axes).min(axis=0)) / t0(jet)
Input Check and Setting
File is loaded!
Generator (GEN) : herwig
Showering (SHO) : ang
Process (PRO) : ppwz
Read Data and Jet Clustering 


Sat Nov 28 09:06:01 2020
[3;33mTime Cost : 0.1847 min[0;m
Sat Nov 28 09:06:12 2020
[3;33mTime Cost : 6.1926 min[0;m


Sat Nov 28 09:12:24 2020
Read Data


Create Pandas DataFrame


Selection and Trimming


Sat Nov 28 09:12:24 2020
There are 19537 jets.
[3;33mTime Cost : 102.8902 min[0;m
Make Jet Images


Sat Nov 28 10:55:17 2020
There are 19537 jet images.
[3;33mTime Cost : 0.2773 min[0;m
