/home/alan/MC_Samples/Universality_DNN/Preprocess/JSS.py:95: RuntimeWarning: invalid value encountered in double_scalars
  return np.sum(particles['pT']*CalcDeltaRArray(particles, wta_axes).min(axis=0)) / t0(jet)
Input Check and Setting
File is loaded!
Generator (GEN) : herwig
Showering (SHO) : ang
Process (PRO) : ppwz
Read Data and Jet Clustering 


Sat Nov 28 09:06:22 2020
[3;33mTime Cost : 0.1861 min[0;m
Sat Nov 28 09:06:33 2020
[3;33mTime Cost : 6.2513 min[0;m


Sat Nov 28 09:12:48 2020
Read Data


Create Pandas DataFrame


Selection and Trimming


Sat Nov 28 09:12:48 2020
There are 19374 jets.
[3;33mTime Cost : 100.9436 min[0;m
Make Jet Images


Sat Nov 28 10:53:45 2020
There are 19374 jet images.
[3;33mTime Cost : 0.3592 min[0;m
