/home/alan/MC_Samples/Universality_DNN/Preprocess/JSS.py:95: RuntimeWarning: invalid value encountered in double_scalars
  return np.sum(particles['pT']*CalcDeltaRArray(particles, wta_axes).min(axis=0)) / t0(jet)
Input Check and Setting
File is loaded!
Generator (GEN) : herwig
Showering (SHO) : ang
Process (PRO) : ppwz
Read Data and Jet Clustering 


Fri Nov 27 09:46:21 2020
[3;33mTime Cost : 0.2082 min[0;m
Fri Nov 27 09:46:34 2020
[3;33mTime Cost : 6.4801 min[0;m


Fri Nov 27 09:53:03 2020
Read Data


Create Pandas DataFrame


Selection and Trimming


Fri Nov 27 09:53:03 2020
There are 19283 jets.
[3;33mTime Cost : 155.8173 min[0;m
Make Jet Images


Fri Nov 27 12:28:52 2020
There are 19283 jet images.
[3;33mTime Cost : 0.2848 min[0;m
