Start Running
i=11
2020 Nov 11
11:17:46 AM
PPjj
stty: 'standard input': Inappropriate ioctl for device
2020 Nov 11
11:18:49 AM
i=12
2020 Nov 11
11:18:49 AM
PPjj
stty: 'standard input': Inappropriate ioctl for device
2020 Nov 11
11:19:42 AM
i=13
2020 Nov 11
11:19:42 AM
PPjj
stty: 'standard input': Inappropriate ioctl for device
2020 Nov 11
11:20:33 AM
i=14
2020 Nov 11
11:20:33 AM
PPjj
stty: 'standard input': Inappropriate ioctl for device
2020 Nov 11
11:21:23 AM
i=15
2020 Nov 11
11:21:23 AM
PPjj
stty: 'standard input': Inappropriate ioctl for device
2020 Nov 11
11:22:12 AM
i=16
2020 Nov 11
11:22:12 AM
PPjj
stty: 'standard input': Inappropriate ioctl for device
2020 Nov 11
11:23:08 AM
i=17
2020 Nov 11
11:23:08 AM
PPjj
stty: 'standard input': Inappropriate ioctl for device
2020 Nov 11
11:23:58 AM
i=18
2020 Nov 11
11:23:58 AM
PPjj
stty: 'standard input': Inappropriate ioctl for device
2020 Nov 11
11:24:48 AM
i=19
2020 Nov 11
11:24:48 AM
PPjj
stty: 'standard input': Inappropriate ioctl for device
2020 Nov 11
11:25:38 AM
Finish
Tue Nov 24 11:25:42 CST 2020
