Input Check and Setting
File is loaded!
Generator (GEN) : pythia
Showering (SHO) : vin
Process (PRO) : ppjj
Read Data and Jet Clustering 


Sat Nov 28 09:26:42 2020
[3;33mTime Cost : 0.2402 min[0;m
Sat Nov 28 09:26:56 2020
[3;33mTime Cost : 66.7767 min[0;m


Sat Nov 28 10:33:43 2020
Read Data


Create Pandas DataFrame


Selection and Trimming


Sat Nov 28 10:33:43 2020
There are 16042 jets.
[3;33mTime Cost : 65.6334 min[0;m
Make Jet Images


Sat Nov 28 11:39:21 2020
There are 16042 jet images.
[3;33mTime Cost : 0.1872 min[0;m
