/home/alan/MC_Samples/Universality_DNN/Preprocess/JSS.py:95: RuntimeWarning: invalid value encountered in double_scalars
  return np.sum(particles['pT']*CalcDeltaRArray(particles, wta_axes).min(axis=0)) / t0(jet)
Input Check and Setting
File is loaded!
Generator (GEN) : pythia
Showering (SHO) : vin
Process (PRO) : ppjj
Read Data and Jet Clustering 


Sat Nov 28 09:28:10 2020
[3;33mTime Cost : 0.2460 min[0;m
Sat Nov 28 09:28:25 2020
[3;33mTime Cost : 66.5299 min[0;m


Sat Nov 28 10:34:57 2020
Read Data


Create Pandas DataFrame


Selection and Trimming


Sat Nov 28 10:34:57 2020
There are 16154 jets.
[3;33mTime Cost : 65.6298 min[0;m
Make Jet Images


Sat Nov 28 11:40:35 2020
There are 16154 jet images.
[3;33mTime Cost : 0.1904 min[0;m
