/home/alan/MC_Samples/Universality_DNN/Preprocess/JSS.py:95: RuntimeWarning: invalid value encountered in double_scalars
  return np.sum(particles['pT']*CalcDeltaRArray(particles, wta_axes).min(axis=0)) / t0(jet)
Input Check and Setting
File is loaded!
Generator (GEN) : pythia
Showering (SHO) : vin
Process (PRO) : ppjj
Read Data and Jet Clustering 


Sat Nov 28 14:52:18 2020
[3;33mTime Cost : 0.2193 min[0;m
Sat Nov 28 14:52:31 2020
[3;33mTime Cost : 8.1389 min[0;m


Sat Nov 28 15:00:39 2020
Read Data


Create Pandas DataFrame


Selection and Trimming


Sat Nov 28 15:00:39 2020
There are 16321 jets.
[3;33mTime Cost : 58.2828 min[0;m
Make Jet Images


Sat Nov 28 15:58:56 2020
There are 16321 jet images.
[3;33mTime Cost : 0.1929 min[0;m
