Input Check and Setting
File is loaded!
Generator (GEN) : pythia
Showering (SHO) : vin
Process (PRO) : ppjj
Read Data and Jet Clustering 


Sat Nov 28 14:52:19 2020
[3;33mTime Cost : 0.2333 min[0;m
Sat Nov 28 14:52:33 2020
[3;33mTime Cost : 8.1526 min[0;m


Sat Nov 28 15:00:43 2020
Read Data


Create Pandas DataFrame


Selection and Trimming


Sat Nov 28 15:00:43 2020
There are 16136 jets.
[3;33mTime Cost : 57.3189 min[0;m
Make Jet Images


Sat Nov 28 15:58:02 2020
There are 16136 jet images.
[3;33mTime Cost : 0.1934 min[0;m
