Input Check and Setting
File is loaded!
Generator (GEN) : pythia
Showering (SHO) : vin
Process (PRO) : ppjj
Read Data and Jet Clustering 


Sat Nov 28 17:20:44 2020
[3;33mTime Cost : 0.2212 min[0;m
Sat Nov 28 17:20:57 2020
[3;33mTime Cost : 8.3660 min[0;m


Sat Nov 28 17:29:19 2020
Read Data


Create Pandas DataFrame


Selection and Trimming


Sat Nov 28 17:29:19 2020
There are 16006 jets.
[3;33mTime Cost : 61.8153 min[0;m
Make Jet Images


Sat Nov 28 18:31:08 2020
There are 16006 jet images.
[3;33mTime Cost : 0.2003 min[0;m
