/home/alan/MC_Samples/Universality_DNN/Preprocess/JSS.py:95: RuntimeWarning: invalid value encountered in double_scalars
  return np.sum(particles['pT']*CalcDeltaRArray(particles, wta_axes).min(axis=0)) / t0(jet)
Input Check and Setting
File is loaded!
Generator (GEN) : pythia
Showering (SHO) : vin
Process (PRO) : ppjj
Read Data and Jet Clustering 


Sat Nov 28 22:27:01 2020
[3;33mTime Cost : 0.2068 min[0;m
Sat Nov 28 22:27:14 2020
[3;33mTime Cost : 8.1549 min[0;m


Sat Nov 28 22:35:23 2020
Read Data


Create Pandas DataFrame


Selection and Trimming


Sat Nov 28 22:35:23 2020
There are 16128 jets.
[3;33mTime Cost : 61.3243 min[0;m
Make Jet Images


Sat Nov 28 23:36:42 2020
There are 16128 jet images.
[3;33mTime Cost : 0.1903 min[0;m
