Input Check and Setting
File is loaded!
Generator (GEN) : pythia
Showering (SHO) : vin
Process (PRO) : ppjj
Read Data and Jet Clustering 


Fri Nov 27 10:00:04 2020
[3;33mTime Cost : 0.2541 min[0;m
Fri Nov 27 10:00:19 2020
[3;33mTime Cost : 112.0306 min[0;m


Fri Nov 27 11:52:21 2020
Read Data


Create Pandas DataFrame


Selection and Trimming


Fri Nov 27 11:52:23 2020
There are 16096 jets.
[3;33mTime Cost : 74.9025 min[0;m
Make Jet Images


Fri Nov 27 13:07:17 2020
There are 16096 jet images.
[3;33mTime Cost : 0.1886 min[0;m
