Input Check and Setting
File is loaded!
Generator (GEN) : pythia
Showering (SHO) : vin
Process (PRO) : ppjj
Read Data and Jet Clustering 


Sat Nov 28 17:20:51 2020
[3;33mTime Cost : 0.2423 min[0;m
Sat Nov 28 17:21:06 2020
[3;33mTime Cost : 8.4117 min[0;m


Sat Nov 28 17:29:31 2020
Read Data


Create Pandas DataFrame


Selection and Trimming


Sat Nov 28 17:29:31 2020
There are 15953 jets.
[3;33mTime Cost : 61.0194 min[0;m
Make Jet Images


Sat Nov 28 18:30:32 2020
There are 15953 jet images.
[3;33mTime Cost : 0.2051 min[0;m
