/home/alan/MC_Samples/Universality_DNN/Preprocess/JSS.py:95: RuntimeWarning: invalid value encountered in double_scalars
  return np.sum(particles['pT']*CalcDeltaRArray(particles, wta_axes).min(axis=0)) / t0(jet)
Input Check and Setting
File is loaded!
Generator (GEN) : pythia
Showering (SHO) : vin
Process (PRO) : ppjj
Read Data and Jet Clustering 


Sat Nov 28 13:07:26 2020
[3;33mTime Cost : 0.2066 min[0;m
Sat Nov 28 13:07:39 2020
[3;33mTime Cost : 8.0773 min[0;m


Sat Nov 28 13:15:43 2020
Read Data


Create Pandas DataFrame


Selection and Trimming


Sat Nov 28 13:15:43 2020
There are 15990 jets.
[3;33mTime Cost : 57.6910 min[0;m
Make Jet Images


Sat Nov 28 14:13:25 2020
There are 15990 jet images.
[3;33mTime Cost : 0.1886 min[0;m
