/home/alan/MC_Samples/Universality_DNN/Preprocess/JSS.py:95: RuntimeWarning: invalid value encountered in double_scalars
  return np.sum(particles['pT']*CalcDeltaRArray(particles, wta_axes).min(axis=0)) / t0(jet)
Input Check and Setting
File is loaded!
Generator (GEN) : pythia
Showering (SHO) : vin
Process (PRO) : ppjj
Read Data and Jet Clustering 


Sat Nov 28 22:28:46 2020
[3;33mTime Cost : 0.2111 min[0;m
Sat Nov 28 22:28:58 2020
[3;33mTime Cost : 8.2399 min[0;m


Sat Nov 28 22:37:13 2020
Read Data


Create Pandas DataFrame


Selection and Trimming


Sat Nov 28 22:37:13 2020
There are 16018 jets.
[3;33mTime Cost : 60.7919 min[0;m
Make Jet Images


Sat Nov 28 23:38:00 2020
There are 16018 jet images.
[3;33mTime Cost : 0.1850 min[0;m
