Input Check and Setting
File is loaded!
Generator (GEN) : pythia
Showering (SHO) : vin
Process (PRO) : ppjj
Read Data and Jet Clustering 


Fri Nov 27 19:15:17 2020
[3;33mTime Cost : 20.6942 min[0;m
Fri Nov 27 19:35:59 2020
[3;33mTime Cost : 8.5213 min[0;m


Fri Nov 27 19:44:30 2020
Read Data


Create Pandas DataFrame


Selection and Trimming


Fri Nov 27 19:44:30 2020
There are 16105 jets.
[3;33mTime Cost : 59.8068 min[0;m
Make Jet Images


Fri Nov 27 20:44:18 2020
There are 16105 jet images.
[3;33mTime Cost : 0.1861 min[0;m
