Input Check and Setting
File is loaded!
Generator (GEN) : pythia
Showering (SHO) : vin
Process (PRO) : ppjj
Read Data and Jet Clustering 


Sat Nov 28 17:20:54 2020
[3;33mTime Cost : 0.2226 min[0;m
Sat Nov 28 17:21:07 2020
[3;33mTime Cost : 8.2383 min[0;m


Sat Nov 28 17:29:22 2020
Read Data


Create Pandas DataFrame


Selection and Trimming


Sat Nov 28 17:29:22 2020
There are 16227 jets.
[3;33mTime Cost : 61.9431 min[0;m
Make Jet Images


Sat Nov 28 18:31:18 2020
There are 16227 jet images.
[3;33mTime Cost : 0.2019 min[0;m
