************************************************************
*                                                          *
*                     W E L C O M E to                     *
*              M A D G R A P H 5 _ a M C @ N L O           *
*                                                          *
*                                                          *
*                 *                       *                *
*                   *        * *        *                  *
*                     * * * * 5 * * * *                    *
*                   *        * *        *                  *
*                 *                       *                *
*                                                          *
*         VERSION 2.7.2                 2020-03-17         *
*                                                          *
*    The MadGraph5_aMC@NLO Development Team - Find us at   *
*    https://server06.fynu.ucl.ac.be/projects/madgraph     *
*                            and                           *
*            http://amcatnlo.web.cern.ch/amcatnlo/         *
*                                                          *
*               Type 'help' for in-line help.              *
*           Type 'tutorial' to learn how MG5 works         *
*    Type 'tutorial aMCatNLO' to learn how aMC@NLO works   *
*    Type 'tutorial MadLoop' to learn how MadLoop works    *
*                                                          *
************************************************************
load MG5 configuration from ../../../../../root/MG5_aMC_v2_7_2/input/mg5_configuration.txt 
set collier to /root/MG5_aMC_v2_7_2/HEPTools/lib
set fastjet to /root/fastjet_3_2_1/bin/fastjet-config
set lhapdf to /root/LHAPDF_6_1_6/bin/lhapdf-config
set ninja to /root/MG5_aMC_v2_7_2/HEPTools/lib
Using default text editor "vi". Set another one in ./input/mg5_configuration.txt
No valid eps viewer found. Please set in ./input/mg5_configuration.txt
No valid web browser found. Please set in ./input/mg5_configuration.txt
import /home/alan/MC_Samples/Universality_DNN/Cards/ppwz.txt
The import format was not given, so we guess it as command
define W = w- w+
INFO: load particles 
INFO: load vertices 
INFO: Restrict model sm with file ../../../../../root/MG5_aMC_v2_7_2/models/sm/restrict_default.dat . 
INFO: Run "set stdout_level DEBUG" before import for more information. 
INFO: Change particles name to pass to MG5 convention 
Defined multiparticle p = g u c d s u~ c~ d~ s~
Defined multiparticle j = g u c d s u~ c~ d~ s~
Defined multiparticle l+ = e+ mu+
Defined multiparticle l- = e- mu-
Defined multiparticle vl = ve vm vt
Defined multiparticle vl~ = ve~ vm~ vt~
Defined multiparticle all = g u c d s u~ c~ d~ s~ a ve vm vt e- mu- ve~ vm~ vt~ e+ mu+ t b t~ b~ z w+ h w- ta- ta+
Defined multiparticle w = w+ w-
generate p p > W z, (W > j j), (z > vl vl~)
INFO: Checking for minimal orders which gives processes. 
INFO: Please specify coupling orders to bypass this step. 
INFO: Trying process: u d~ > w+ z WEIGHTED<=4 @1  
INFO: Process has 3 diagrams 
INFO: Trying process: u s~ > w+ z WEIGHTED<=4 @1  
INFO: Trying process: c d~ > w+ z WEIGHTED<=4 @1  
INFO: Trying process: c s~ > w+ z WEIGHTED<=4 @1  
INFO: Process has 3 diagrams 
INFO: Trying process: d u~ > w- z WEIGHTED<=4 @1  
INFO: Process has 3 diagrams 
INFO: Trying process: d c~ > w- z WEIGHTED<=4 @1  
INFO: Trying process: s u~ > w- z WEIGHTED<=4 @1  
INFO: Trying process: s c~ > w- z WEIGHTED<=4 @1  
INFO: Process has 3 diagrams 
INFO: Process u~ d > w- z added to mirror process d u~ > w- z 
INFO: Process c~ s > w- z added to mirror process s c~ > w- z 
INFO: Process d~ u > w+ z added to mirror process u d~ > w+ z 
INFO: Process s~ c > w+ z added to mirror process c s~ > w+ z 
INFO: Checking for minimal orders which gives processes. 
INFO: Please specify coupling orders to bypass this step. 
INFO: Trying process: w+ > u d~ WEIGHTED<=2  
INFO: Process has 1 diagrams 
INFO: Trying process: w+ > u s~ WEIGHTED<=2  
INFO: Trying process: w+ > c d~ WEIGHTED<=2  
INFO: Trying process: w+ > c s~ WEIGHTED<=2  
INFO: Process has 1 diagrams 
INFO: Trying process: w- > d u~ WEIGHTED<=2  
INFO: Process has 1 diagrams 
INFO: Trying process: w- > d c~ WEIGHTED<=2  
INFO: Trying process: w- > s u~ WEIGHTED<=2  
INFO: Trying process: w- > s c~ WEIGHTED<=2  
INFO: Process has 1 diagrams 
INFO: Checking for minimal orders which gives processes. 
INFO: Please specify coupling orders to bypass this step. 
INFO: Trying process: z > ve ve~ WEIGHTED<=2  
INFO: Process has 1 diagrams 
INFO: Trying process: z > ve vm~ WEIGHTED<=2  
INFO: Trying process: z > ve vt~ WEIGHTED<=2  
INFO: Trying process: z > vm ve~ WEIGHTED<=2  
INFO: Trying process: z > vm vm~ WEIGHTED<=2  
INFO: Process has 1 diagrams 
INFO: Trying process: z > vm vt~ WEIGHTED<=2  
INFO: Trying process: z > vt ve~ WEIGHTED<=2  
INFO: Trying process: z > vt vm~ WEIGHTED<=2  
INFO: Trying process: z > vt vt~ WEIGHTED<=2  
INFO: Process has 1 diagrams 
1 processes with 19 diagrams generated in 0.145 s
Total: 1 processes with 19 diagrams
output /home/u5/ppwz
INFO: directory /home/u5/ppwz already exists.
If you continue this directory will be deleted and replaced.
Do you want to continue? [[4my[0m, n]
[1;34mfound line : launch /home/u5/ppwz[0m
[1;34mThis answer is not valid for current question. Keep it for next question and use here default: y[0m
INFO: initialize a new directory: ppwz 
INFO: remove old information in ppwz 
INFO: Organizing processes into subprocess groups 
INFO: Organizing processes into subprocess groups 
INFO: Generating Helas calls for process: u d~ > w+ z WEIGHTED<=4 @1 
INFO: Combined process c s~ > w+ z WEIGHTED<=4 @1 with process u d~ > w+ z WEIGHTED<=4 @1 
INFO: Generating Helas calls for process: d u~ > w- z WEIGHTED<=4 @1 
INFO: Combined process s c~ > w- z WEIGHTED<=4 @1 with process d u~ > w- z WEIGHTED<=4 @1 
INFO: Generating Helas calls for process: w+ > u d~ WEIGHTED<=2 
INFO: Generating Helas calls for process: w+ > c s~ WEIGHTED<=2 
INFO: Generating Helas calls for process: w- > d u~ WEIGHTED<=2 
INFO: Generating Helas calls for process: w- > s c~ WEIGHTED<=2 
INFO: Generating Helas calls for process: z > ve ve~ WEIGHTED<=2 
INFO: Generating Helas calls for process: z > vm vm~ WEIGHTED<=2 
INFO: Generating Helas calls for process: z > vt vt~ WEIGHTED<=2 
INFO: Combine u d~ > w+ z WEIGHTED<=4 @1 with decays w+ > u d~ WEIGHTED<=2, z > ve ve~ WEIGHTED<=2 
INFO: Combine u d~ > w+ z WEIGHTED<=4 @1 with decays w+ > u d~ WEIGHTED<=2, z > vm vm~ WEIGHTED<=2 
INFO: Combining process with u d~ > w+ z WEIGHTED<=4 @1
  Decay: w+ > u d~ WEIGHTED<=2
  Decay: z > ve ve~ WEIGHTED<=2 
INFO: Combine u d~ > w+ z WEIGHTED<=4 @1 with decays w+ > u d~ WEIGHTED<=2, z > vt vt~ WEIGHTED<=2 
INFO: Combining process with u d~ > w+ z WEIGHTED<=4 @1
  Decay: w+ > u d~ WEIGHTED<=2
  Decay: z > ve ve~ WEIGHTED<=2 
INFO: Combine u d~ > w+ z WEIGHTED<=4 @1 with decays w+ > c s~ WEIGHTED<=2, z > ve ve~ WEIGHTED<=2 
INFO: Combining process with u d~ > w+ z WEIGHTED<=4 @1
  Decay: w+ > u d~ WEIGHTED<=2
  Decay: z > ve ve~ WEIGHTED<=2 
INFO: Combine u d~ > w+ z WEIGHTED<=4 @1 with decays w+ > c s~ WEIGHTED<=2, z > vm vm~ WEIGHTED<=2 
INFO: Combining process with u d~ > w+ z WEIGHTED<=4 @1
  Decay: w+ > u d~ WEIGHTED<=2
  Decay: z > ve ve~ WEIGHTED<=2 
INFO: Combine u d~ > w+ z WEIGHTED<=4 @1 with decays w+ > c s~ WEIGHTED<=2, z > vt vt~ WEIGHTED<=2 
INFO: Combining process with u d~ > w+ z WEIGHTED<=4 @1
  Decay: w+ > u d~ WEIGHTED<=2
  Decay: z > ve ve~ WEIGHTED<=2 
INFO: Combine d u~ > w- z WEIGHTED<=4 @1 with decays w- > d u~ WEIGHTED<=2, z > ve ve~ WEIGHTED<=2 
INFO: Combine d u~ > w- z WEIGHTED<=4 @1 with decays w- > d u~ WEIGHTED<=2, z > vm vm~ WEIGHTED<=2 
INFO: Combining process with d u~ > w- z WEIGHTED<=4 @1
  Decay: w- > d u~ WEIGHTED<=2
  Decay: z > ve ve~ WEIGHTED<=2 
INFO: Combine d u~ > w- z WEIGHTED<=4 @1 with decays w- > d u~ WEIGHTED<=2, z > vt vt~ WEIGHTED<=2 
INFO: Combining process with d u~ > w- z WEIGHTED<=4 @1
  Decay: w- > d u~ WEIGHTED<=2
  Decay: z > ve ve~ WEIGHTED<=2 
INFO: Combine d u~ > w- z WEIGHTED<=4 @1 with decays w- > s c~ WEIGHTED<=2, z > ve ve~ WEIGHTED<=2 
INFO: Combining process with d u~ > w- z WEIGHTED<=4 @1
  Decay: w- > d u~ WEIGHTED<=2
  Decay: z > ve ve~ WEIGHTED<=2 
INFO: Combine d u~ > w- z WEIGHTED<=4 @1 with decays w- > s c~ WEIGHTED<=2, z > vm vm~ WEIGHTED<=2 
INFO: Combining process with d u~ > w- z WEIGHTED<=4 @1
  Decay: w- > d u~ WEIGHTED<=2
  Decay: z > ve ve~ WEIGHTED<=2 
INFO: Combine d u~ > w- z WEIGHTED<=4 @1 with decays w- > s c~ WEIGHTED<=2, z > vt vt~ WEIGHTED<=2 
INFO: Combining process with d u~ > w- z WEIGHTED<=4 @1
  Decay: w- > d u~ WEIGHTED<=2
  Decay: z > ve ve~ WEIGHTED<=2 
INFO: Processing color information for process: u d~ > w+ z @1
  Decay: w+ > u d~ WEIGHTED<=2
  Decay: z > ve ve~ WEIGHTED<=2 
INFO: Reusing existing color information for process: d u~ > w- z @1
  Decay: w- > d u~ WEIGHTED<=2
  Decay: z > ve ve~ WEIGHTED<=2 
INFO: Creating files in directory P1_qq_wpz_wp_qq_z_vlvl 
INFO: Generating Feynman diagrams for Process: u d~ > w+ z WEIGHTED<=4 @1
  Decay: w+ > u d~ WEIGHTED<=2
  Decay: z > ve ve~ WEIGHTED<=2 
INFO: Generating Feynman diagrams for Process: d u~ > w- z WEIGHTED<=4 @1
  Decay: w- > d u~ WEIGHTED<=2
  Decay: z > ve ve~ WEIGHTED<=2 
INFO: Finding symmetric diagrams for subprocess group qq_wpz_wp_qq_z_vlvl 
Generated helas calls for 2 subprocesses (6 diagrams) in 0.256 s
Wrote files for 28 helas calls in 0.885 s
ALOHA: aloha creates FFV2 routines
ALOHA: aloha creates FFV3 routines
ALOHA: aloha creates VVV1 routines
ALOHA: aloha creates FFV5 routines
save configuration file to /home/u5/ppwz/Cards/me5_configuration.txt
INFO: Use Fortran compiler gfortran 
INFO: Use c++ compiler g++ 
INFO: Generate jpeg diagrams 
INFO: Generate web pages 
INFO: Generating MadAnalysis5 default cards tailored to this process 
INFO: Cards created in 3.13s 
Output to directory /home/u5/ppwz done.
Type "launch" to generate events from this process, or see
/home/u5/ppwz/README
Run "open index.html" to see more information about this process.
launch /home/u5/ppwz
************************************************************
*                                                          *
*                      W E L C O M E to                    *
*             M A D G R A P H 5 _ a M C @ N L O            *
*                      M A D E V E N T                     *
*                                                          *
*                 *                       *                *
*                   *        * *        *                  *
*                     * * * * 5 * * * *                    *
*                   *        * *        *                  *
*                 *                       *                *
*                                                          *
*         VERSION 2.7.2                 2020-03-17         *
*                                                          *
*    The MadGraph5_aMC@NLO Development Team - Find us at   *
*    https://server06.fynu.ucl.ac.be/projects/madgraph     *
*                                                          *
*               Type 'help' for in-line help.              *
*                                                          *
************************************************************
INFO: load configuration from /home/u5/ppwz/Cards/me5_configuration.txt  
INFO: load configuration from /root/MG5_aMC_v2_7_2/input/mg5_configuration.txt  
INFO: load configuration from /home/u5/ppwz/Cards/me5_configuration.txt  
Using default text editor "vi". Set another one in ./input/mg5_configuration.txt
No valid eps viewer found. Please set in ./input/mg5_configuration.txt
No valid web browser found. Please set in ./input/mg5_configuration.txt
generate_events run_01
The following switches determine which programs are run:
/==============================================================================\
| 1. Choose the shower/hadronization program   [1m  shower[0m = [31mOFF[0m                  |
| 2. Choose the detector simulation program    [1mdetector[0m = [31mOFF[0m                  |
| 3. Choose an analysis package (plot/convert) [1manalysis[0m = [32mMadAnalysis5[0m         |
| 4. Decay onshell particles                   [1m madspin[0m = [31mOFF[0m                  |
| 5. Add weights to events for new hypp.       [1mreweight[0m = [31mOFF[0m                  |
\==============================================================================/
Either type the switch number (1 to 5) to change its setting,
Set any switch explicitly (e.g. type 'shower=Pythia8' at the prompt)
Type 'help' for the list of all valid option
Type '0', 'auto', 'done' or just press enter when you are done.
The following switches determine which programs are run:
/==============================================================================\
| 1. Choose the shower/hadronization program   [1m  shower[0m = [31mOFF[0m                  |
| 2. Choose the detector simulation program    [1mdetector[0m = [31mOFF[0m                  |
| 3. Choose an analysis package (plot/convert) [1manalysis[0m = [32mMadAnalysis5[0m         |
| 4. Decay onshell particles                   [1m madspin[0m = [31mOFF[0m                  |
| 5. Add weights to events for new hypp.       [1mreweight[0m = [31mOFF[0m                  |
\==============================================================================/
Either type the switch number (1 to 5) to change its setting,
Set any switch explicitly (e.g. type 'shower=Pythia8' at the prompt)
Type 'help' for the list of all valid option
Type '0', 'auto', 'done' or just press enter when you are done.
The following switches determine which programs are run:
/==============================================================================\
| 1. Choose the shower/hadronization program   [1m  shower[0m = [31mOFF[0m                  |
| 2. Choose the detector simulation program    [1mdetector[0m = [31mOFF[0m                  |
| 3. Choose an analysis package (plot/convert) [1manalysis[0m = [32mMadAnalysis5[0m         |
| 4. Decay onshell particles                   [1m madspin[0m = [31mOFF[0m                  |
| 5. Add weights to events for new hypp.       [1mreweight[0m = [31mOFF[0m                  |
\==============================================================================/
Either type the switch number (1 to 5) to change its setting,
Set any switch explicitly (e.g. type 'shower=Pythia8' at the prompt)
Type 'help' for the list of all valid option
Type '0', 'auto', 'done' or just press enter when you are done.
set run_card nevents 100000
[1mINFO: modify parameter nevents of the run_card.dat to 100000 [0m
set run_card ebeam1 6500.0
[1mINFO: modify parameter ebeam1 of the run_card.dat to 6500.0 [0m
set run_card ebeam2 6500.0
[1mINFO: modify parameter ebeam2 of the run_card.dat to 6500.0 [0m
set run_card misset 200.0
[1mINFO: modify parameter misset of the run_card.dat to 200.0 [0m
set run_card missetmax 600.0
[1mINFO: modify parameter missetmax of the run_card.dat to 600.0 [0m
Do you want to edit a card (press enter to bypass editing)?
/------------------------------------------------------------\
|  [31m1[0m. param : [32mparam_card.dat[0m                                 |
|  [31m2[0m. run   : [32mrun_card.dat[0m                                   |
\------------------------------------------------------------/
 you can also
   - enter the path to a valid card or banner.
   - use the 'set' command to modify a parameter directly.
     The set option works only for param_card and run_card.
     Type 'help set' for more information on this command.
   - call an external program (ASperGE/MadWidth/...).
     Type 'help' for the list of available command
 [[4m0[0m, done, 1, param, 2, run, enter path]
[1mThe answer to the previous question is not set in your input file[0m
[1mUse 0 value[0m
INFO: Update the dependent parameter of the param_card.dat 
Generating 100000 events with run name run_01
survey  run_01 
INFO: compile directory 
compile Source Directory
Using random number seed offset = 21
INFO: Running Survey 
Creating Jobs
Working on SubProcesses
INFO:     P1_qq_wpz_wp_qq_z_vlvl  
INFO:  Idle: 0,  Running: 3,  Completed: 0 [ current time: 12h14 ] 
INFO:  Idle: 0,  Running: 1,  Completed: 2 [  1.3s  ] 
INFO:  Idle: 0,  Running: 0,  Completed: 3 [  1.9s  ] 
INFO: End survey 
refine 100000
Creating Jobs
INFO: Refine results to 100000 
INFO: Generating 100000.0 unweighted events. 
INFO: Effective Luminosity 3168174.62979 pb^-1 
INFO: need to improve 3 channels 
Current estimate of cross-section: 0.0378767 +- 0.000763401209391
    P1_qq_wpz_wp_qq_z_vlvl 
INFO:  Idle: 41,  Running: 80,  Completed: 0 [ current time: 12h14 ] 
INFO:  Idle: 40,  Running: 80,  Completed: 1 [  1.2s  ] 
INFO:  Idle: 19,  Running: 80,  Completed: 22 [  4.3s  ] 
INFO:  Idle: 5,  Running: 80,  Completed: 36 [  7.3s  ] 
INFO:  Idle: 0,  Running: 72,  Completed: 49 [  10.3s  ] 
INFO:  Idle: 0,  Running: 43,  Completed: 78 [  13.7s  ] 
INFO:  Idle: 0,  Running: 11,  Completed: 110 [  16.8s  ] 
INFO:  Idle: 0,  Running: 0,  Completed: 121 [  24.9s  ] 
INFO:  Idle: 0,  Running: 0,  Completed: 121 [  25.1s  ] 
INFO: Combining runs 
INFO: finish refine 
refine 100000
Creating Jobs
INFO: Refine results to 100000 
INFO: Generating 100000.0 unweighted events. 
INFO: Effective Luminosity 3140440.49912 pb^-1 
INFO: need to improve 0 channels 
Current estimate of cross-section: 0.0382112 +- 4.26028173482e-05
    P1_qq_wpz_wp_qq_z_vlvl 
INFO:  Idle: 0,  Running: 0,  Completed: 0 [ current time: 12h15 ] 
INFO:  Idle: 0,  Running: 0,  Completed: 0 [ current time: 12h15 ] 
INFO: Combining runs 
INFO: finish refine 
INFO: Combining Events 
  === Results Summary for run: run_01 tag: tag_1 ===

     Cross-section :   0.03821 +- 4.26e-05 pb
     Nb of events :  100000
 
INFO: Running Systematics computation 
INFO:  Idle: 0,  Running: 40,  Completed: 0 [ current time: 12h17 ] 
INFO:  Idle: 0,  Running: 39,  Completed: 1 [  31.4s  ] 
INFO:  Idle: 0,  Running: 31,  Completed: 9 [  34.8s  ] 
INFO:  Idle: 0,  Running: 24,  Completed: 16 [  39.7s  ] 
INFO:  Idle: 0,  Running: 9,  Completed: 31 [  42.8s  ] 
INFO: # events generated with PDF: NNPDF23_lo_as_0130_qed (247000) 
INFO: #Will Compute 145 weights per event. 
INFO: #***************************************************************************
#
# original cross-section: 0.0381963035905
#     scale variation: +1.96% -2.2%
#     central scheme variation: +0.0834% -3.58%
# PDF variation: +4.04% -4.04%
#
# dynamical scheme # 1 : 0.0373921 +2.24% -2.39% # \sum ET
# dynamical scheme # 2 : 0.0373921 +2.24% -2.39% # \sum\sqrt{m^2+pt^2}
# dynamical scheme # 3 : 0.0382282 +1.94% -2.19% # 0.5 \sum\sqrt{m^2+pt^2}
# dynamical scheme # 4 : 0.03683 +2.25% -2.39% # \sqrt{\hat s}
#***************************************************************************
 
INFO: End of systematics computation 
store_events
INFO: Storing parton level results 
INFO: End Parton 
reweight -from_cards
decay_events -from_cards
INFO: storing files of previous run 
INFO: Done 
quit
INFO:  
more information in /home/u5/ppwz/index.html
quit
