************************************************************
*                                                          *
*                     W E L C O M E to                     *
*              M A D G R A P H 5 _ a M C @ N L O           *
*                                                          *
*                                                          *
*                 *                       *                *
*                   *        * *        *                  *
*                     * * * * 5 * * * *                    *
*                   *        * *        *                  *
*                 *                       *                *
*                                                          *
*         VERSION 2.7.2                 2020-03-17         *
*                                                          *
*    The MadGraph5_aMC@NLO Development Team - Find us at   *
*    https://server06.fynu.ucl.ac.be/projects/madgraph     *
*                            and                           *
*            http://amcatnlo.web.cern.ch/amcatnlo/         *
*                                                          *
*               Type 'help' for in-line help.              *
*           Type 'tutorial' to learn how MG5 works         *
*    Type 'tutorial aMCatNLO' to learn how aMC@NLO works   *
*    Type 'tutorial MadLoop' to learn how MadLoop works    *
*                                                          *
************************************************************
load MG5 configuration from ../../../../../root/MG5_aMC_v2_7_2/input/mg5_configuration.txt 
set collier to /root/MG5_aMC_v2_7_2/HEPTools/lib
set fastjet to /root/fastjet_3_2_1/bin/fastjet-config
set lhapdf to /root/LHAPDF_6_1_6/bin/lhapdf-config
set ninja to /root/MG5_aMC_v2_7_2/HEPTools/lib
Using default text editor "vi". Set another one in ./input/mg5_configuration.txt
No valid eps viewer found. Please set in ./input/mg5_configuration.txt
No valid web browser found. Please set in ./input/mg5_configuration.txt
import /home/alan/MC_Samples/Universality_DNN/Cards/ppwz.txt
The import format was not given, so we guess it as command
launch /home/u5/ppwz
************************************************************
*                                                          *
*                      W E L C O M E to                    *
*             M A D G R A P H 5 _ a M C @ N L O            *
*                      M A D E V E N T                     *
*                                                          *
*                 *                       *                *
*                   *        * *        *                  *
*                     * * * * 5 * * * *                    *
*                   *        * *        *                  *
*                 *                       *                *
*                                                          *
*         VERSION 2.7.2                 2020-03-17         *
*                                                          *
*    The MadGraph5_aMC@NLO Development Team - Find us at   *
*    https://server06.fynu.ucl.ac.be/projects/madgraph     *
*                                                          *
*               Type 'help' for in-line help.              *
*                                                          *
************************************************************
INFO: load configuration from /home/u5/ppwz/Cards/me5_configuration.txt  
INFO: load configuration from /root/MG5_aMC_v2_7_2/input/mg5_configuration.txt  
INFO: load configuration from /home/u5/ppwz/Cards/me5_configuration.txt  
Using default text editor "vi". Set another one in ./input/mg5_configuration.txt
No valid eps viewer found. Please set in ./input/mg5_configuration.txt
No valid web browser found. Please set in ./input/mg5_configuration.txt
generate_events run_10
The following switches determine which programs are run:
/==============================================================================\
| 1. Choose the shower/hadronization program   [1m  shower[0m = [31mOFF[0m                  |
| 2. Choose the detector simulation program    [1mdetector[0m = [31mOFF[0m                  |
| 3. Choose an analysis package (plot/convert) [1manalysis[0m = [31mOFF[0m                  |
| 4. Decay onshell particles                   [1m madspin[0m = [31mOFF[0m                  |
| 5. Add weights to events for new hypp.       [1mreweight[0m = [31mOFF[0m                  |
\==============================================================================/
Either type the switch number (1 to 5) to change its setting,
Set any switch explicitly (e.g. type 'shower=Pythia8' at the prompt)
Type 'help' for the list of all valid option
Type '0', 'auto', 'done' or just press enter when you are done.
The following switches determine which programs are run:
/==============================================================================\
| 1. Choose the shower/hadronization program   [1m  shower[0m = [31mOFF[0m                  |
| 2. Choose the detector simulation program    [1mdetector[0m = [31mOFF[0m                  |
| 3. Choose an analysis package (plot/convert) [1manalysis[0m = [31mOFF[0m                  |
| 4. Decay onshell particles                   [1m madspin[0m = [31mOFF[0m                  |
| 5. Add weights to events for new hypp.       [1mreweight[0m = [31mOFF[0m                  |
\==============================================================================/
Either type the switch number (1 to 5) to change its setting,
Set any switch explicitly (e.g. type 'shower=Pythia8' at the prompt)
Type 'help' for the list of all valid option
Type '0', 'auto', 'done' or just press enter when you are done.
The following switches determine which programs are run:
/==============================================================================\
| 1. Choose the shower/hadronization program   [1m  shower[0m = [31mOFF[0m                  |
| 2. Choose the detector simulation program    [1mdetector[0m = [31mOFF[0m                  |
| 3. Choose an analysis package (plot/convert) [1manalysis[0m = [31mOFF[0m                  |
| 4. Decay onshell particles                   [1m madspin[0m = [31mOFF[0m                  |
| 5. Add weights to events for new hypp.       [1mreweight[0m = [31mOFF[0m                  |
\==============================================================================/
Either type the switch number (1 to 5) to change its setting,
Set any switch explicitly (e.g. type 'shower=Pythia8' at the prompt)
Type 'help' for the list of all valid option
Type '0', 'auto', 'done' or just press enter when you are done.
set run_card nevents 100000
[1mINFO: modify parameter nevents of the run_card.dat to 100000 [0m
set run_card ebeam1 6500.0
[1mINFO: modify parameter ebeam1 of the run_card.dat to 6500.0 [0m
set run_card ebeam2 6500.0
[1mINFO: modify parameter ebeam2 of the run_card.dat to 6500.0 [0m
set run_card misset 200.0
[1mINFO: modify parameter misset of the run_card.dat to 200.0 [0m
set run_card missetmax 600.0
[1mINFO: modify parameter missetmax of the run_card.dat to 600.0 [0m
Do you want to edit a card (press enter to bypass editing)?
/------------------------------------------------------------\
|  [31m1[0m. param : [32mparam_card.dat[0m                                 |
|  [31m2[0m. run   : [32mrun_card.dat[0m                                   |
\------------------------------------------------------------/
 you can also
   - enter the path to a valid card or banner.
   - use the 'set' command to modify a parameter directly.
     The set option works only for param_card and run_card.
     Type 'help set' for more information on this command.
   - call an external program (ASperGE/MadWidth/...).
     Type 'help' for the list of available command
 [[4m0[0m, done, 1, param, 2, run, enter path]
[1mThe answer to the previous question is not set in your input file[0m
[1mUse 0 value[0m
INFO: Update the dependent parameter of the param_card.dat 
Generating 100000 events with run name run_10
survey  run_10 
INFO: compile directory 
compile Source Directory
Using random number seed offset = 102
INFO: Running Survey 
Creating Jobs
Working on SubProcesses
INFO:     P1_qq_wpz_wp_qq_z_vlvl  
INFO:  Idle: 1,  Running: 2,  Completed: 0 [ current time: 12h47 ] 
INFO:  Idle: 0,  Running: 2,  Completed: 1 [  0.42s  ] 
INFO:  Idle: 0,  Running: 0,  Completed: 3 [  2.1s  ] 
INFO: End survey 
refine 100000
Creating Jobs
INFO: Refine results to 100000 
INFO: Generating 100000.0 unweighted events. 
INFO: Effective Luminosity 3191387.50891 pb^-1 
INFO: need to improve 3 channels 
Current estimate of cross-section: 0.0376012 +- 0.000677873554064
    P1_qq_wpz_wp_qq_z_vlvl 
INFO:  Idle: 42,  Running: 80,  Completed: 0 [ current time: 12h47 ] 
INFO:  Idle: 41,  Running: 80,  Completed: 1 [  0.37s  ] 
INFO:  Idle: 26,  Running: 80,  Completed: 16 [  3.6s  ] 
INFO:  Idle: 4,  Running: 80,  Completed: 38 [  6.7s  ] 
INFO:  Idle: 0,  Running: 60,  Completed: 62 [  10s  ] 
INFO:  Idle: 0,  Running: 36,  Completed: 86 [  13.1s  ] 
INFO:  Idle: 0,  Running: 20,  Completed: 102 [  16.2s  ] 
INFO:  Idle: 0,  Running: 1,  Completed: 121 [  19.9s  ] 
INFO:  Idle: 0,  Running: 0,  Completed: 122 [  23.1s  ] 
INFO:  Idle: 0,  Running: 0,  Completed: 122 [  23.1s  ] 
INFO: Combining runs 
INFO: finish refine 
refine 100000
Creating Jobs
INFO: Refine results to 100000 
INFO: Generating 100000.0 unweighted events. 
INFO: Effective Luminosity 3140925.47369 pb^-1 
INFO: need to improve 0 channels 
Current estimate of cross-section: 0.0382053 +- 4.81297828169e-05
    P1_qq_wpz_wp_qq_z_vlvl 
INFO:  Idle: 0,  Running: 0,  Completed: 0 [ current time: 12h48 ] 
INFO:  Idle: 0,  Running: 0,  Completed: 0 [ current time: 12h48 ] 
INFO: Combining runs 
INFO: finish refine 
INFO: Combining Events 
  === Results Summary for run: run_10 tag: tag_1 ===

     Cross-section :   0.03821 +- 4.813e-05 pb
     Nb of events :  100000
 
INFO: Running Systematics computation 
INFO:  Idle: 0,  Running: 40,  Completed: 0 [ current time: 12h50 ] 
INFO:  Idle: 0,  Running: 39,  Completed: 1 [  27.8s  ] 
INFO:  Idle: 0,  Running: 36,  Completed: 4 [  30.8s  ] 
INFO:  Idle: 0,  Running: 26,  Completed: 14 [  34.5s  ] 
INFO:  Idle: 0,  Running: 14,  Completed: 26 [  37.8s  ] 
INFO:  Idle: 0,  Running: 2,  Completed: 38 [  40.9s  ] 
INFO: # events generated with PDF: NNPDF23_lo_as_0130_qed (247000) 
INFO: #Will Compute 145 weights per event. 
INFO: #***************************************************************************
#
# original cross-section: 0.0381904058906
#     scale variation: +1.95% -2.2%
#     central scheme variation: +0.0841% -3.56%
# PDF variation: +4.07% -4.07%
#
# dynamical scheme # 1 : 0.0373886 +2.23% -2.38% # \sum ET
# dynamical scheme # 2 : 0.0373886 +2.23% -2.38% # \sum\sqrt{m^2+pt^2}
# dynamical scheme # 3 : 0.0382225 +1.93% -2.18% # 0.5 \sum\sqrt{m^2+pt^2}
# dynamical scheme # 4 : 0.0368309 +2.25% -2.38% # \sqrt{\hat s}
#***************************************************************************
 
INFO: End of systematics computation 
store_events
INFO: Storing parton level results 
INFO: End Parton 
reweight -from_cards
decay_events -from_cards
INFO: storing files of previous run 
INFO: Done 
quit
INFO:  
more information in /home/u5/ppwz/index.html
quit
