Input Check and Setting
File is loaded!
Generator (GEN) : sherpa
Showering (SHO) : def
Process (PRO) : ppwz
Read Data and Jet Clustering 


Sat Nov 28 09:09:05 2020
[3;33mTime Cost : 0.1814 min[0;m
Sat Nov 28 09:09:16 2020
[3;33mTime Cost : 6.0713 min[0;m


Sat Nov 28 09:15:20 2020
Read Data


Create Pandas DataFrame


Selection and Trimming


Sat Nov 28 09:15:20 2020
There are 29007 jets.
[3;33mTime Cost : 111.7317 min[0;m
Make Jet Images


Sat Nov 28 11:07:04 2020
There are 29007 jet images.
[3;33mTime Cost : 0.3802 min[0;m
