Input Check and Setting
File is loaded!
Generator (GEN) : sherpa
Showering (SHO) : def
Process (PRO) : ppwz
Read Data and Jet Clustering 


Fri Nov 27 09:37:09 2020
[3;33mTime Cost : 0.1765 min[0;m
Fri Nov 27 09:37:19 2020
[3;33mTime Cost : 5.7250 min[0;m


Fri Nov 27 09:43:03 2020
Read Data


Create Pandas DataFrame


Selection and Trimming


Fri Nov 27 09:43:03 2020
There are 28784 jets.
[3;33mTime Cost : 170.6512 min[0;m
Make Jet Images


Fri Nov 27 12:33:42 2020
There are 28784 jet images.
[3;33mTime Cost : 0.4118 min[0;m
