Input Check and Setting
File is loaded!
Generator (GEN) : sherpa
Showering (SHO) : def
Process (PRO) : ppwz
Read Data and Jet Clustering 


Fri Nov 27 17:12:44 2020
[3;33mTime Cost : 0.1781 min[0;m
Fri Nov 27 17:12:54 2020
[3;33mTime Cost : 5.7650 min[0;m


Fri Nov 27 17:18:40 2020
Read Data


Create Pandas DataFrame


Selection and Trimming


Fri Nov 27 17:18:40 2020
There are 29183 jets.
[3;33mTime Cost : 129.1343 min[0;m
Make Jet Images


Fri Nov 27 19:27:48 2020
There are 29183 jet images.
[3;33mTime Cost : 0.3596 min[0;m
