Input Check and Setting
File is loaded!
Generator (GEN) : sherpa
Showering (SHO) : def
Process (PRO) : ppwz
Read Data and Jet Clustering 


Fri Nov 27 09:33:47 2020
[3;33mTime Cost : 0.1755 min[0;m
Fri Nov 27 09:33:58 2020
[3;33mTime Cost : 5.6954 min[0;m


Fri Nov 27 09:39:39 2020
Read Data


Create Pandas DataFrame


Selection and Trimming


Fri Nov 27 09:39:39 2020
There are 28832 jets.
[3;33mTime Cost : 169.9789 min[0;m
Make Jet Images


Fri Nov 27 12:29:38 2020
There are 28832 jet images.
[3;33mTime Cost : 0.4175 min[0;m
