Input Check and Setting
File is loaded!
Generator (GEN) : sherpa
Showering (SHO) : def
Process (PRO) : ppwz
Read Data and Jet Clustering 


Fri Nov 27 17:12:07 2020
[3;33mTime Cost : 0.1780 min[0;m
Fri Nov 27 17:12:18 2020
[3;33mTime Cost : 5.7730 min[0;m


Fri Nov 27 17:18:05 2020
Read Data


Create Pandas DataFrame


Selection and Trimming


Fri Nov 27 17:18:05 2020
There are 29200 jets.
[3;33mTime Cost : 129.5617 min[0;m
Make Jet Images


Fri Nov 27 19:27:38 2020
There are 29200 jet images.
[3;33mTime Cost : 0.3622 min[0;m
