/home/alan/MC_Samples/Universality_DNN/Preprocess/JSS.py:95: RuntimeWarning: invalid value encountered in double_scalars
  return np.sum(particles['pT']*CalcDeltaRArray(particles, wta_axes).min(axis=0)) / t0(jet)
/home/alan/MC_Samples/Universality_DNN/Preprocess/JSS.py:95: RuntimeWarning: divide by zero encountered in double_scalars
  return np.sum(particles['pT']*CalcDeltaRArray(particles, wta_axes).min(axis=0)) / t0(jet)
Input Check and Setting
File is loaded!
Generator (GEN) : pythia
Showering (SHO) : vin
Process (PRO) : ppwz
Read Data and Jet Clustering 


Fri Nov 27 09:55:17 2020
[3;33mTime Cost : 0.2171 min[0;m
Fri Nov 27 09:55:30 2020
[3;33mTime Cost : 6.8855 min[0;m


Fri Nov 27 10:02:23 2020
Read Data


Create Pandas DataFrame


Selection and Trimming


Fri Nov 27 10:02:24 2020
There are 21296 jets.
[3;33mTime Cost : 150.2011 min[0;m
Make Jet Images


Fri Nov 27 12:32:37 2020
There are 21296 jet images.
[3;33mTime Cost : 0.2980 min[0;m
