/home/alan/MC_Samples/Universality_DNN/Preprocess/JSS.py:95: RuntimeWarning: invalid value encountered in double_scalars
  return np.sum(particles['pT']*CalcDeltaRArray(particles, wta_axes).min(axis=0)) / t0(jet)
Input Check and Setting
File is loaded!
Generator (GEN) : pythia
Showering (SHO) : vin
Process (PRO) : ppwz
Read Data and Jet Clustering 


Sat Nov 28 09:22:55 2020
[3;33mTime Cost : 0.2074 min[0;m
Sat Nov 28 09:23:07 2020
[3;33mTime Cost : 6.7133 min[0;m


Sat Nov 28 09:29:50 2020
Read Data


Create Pandas DataFrame


Selection and Trimming


Sat Nov 28 09:29:50 2020
There are 21222 jets.
[3;33mTime Cost : 92.3416 min[0;m
Make Jet Images


Sat Nov 28 11:02:11 2020
There are 21222 jet images.
[3;33mTime Cost : 0.3034 min[0;m
