/home/alan/MC_Samples/Universality_DNN/Preprocess/JSS.py:95: RuntimeWarning: invalid value encountered in double_scalars
  return np.sum(particles['pT']*CalcDeltaRArray(particles, wta_axes).min(axis=0)) / t0(jet)
Input Check and Setting
File is loaded!
Generator (GEN) : pythia
Showering (SHO) : vin
Process (PRO) : ppwz
Read Data and Jet Clustering 


Sat Nov 28 09:22:22 2020
[3;33mTime Cost : 0.2051 min[0;m
Sat Nov 28 09:22:34 2020
[3;33mTime Cost : 6.6853 min[0;m


Sat Nov 28 09:29:15 2020
Read Data


Create Pandas DataFrame


Selection and Trimming


Sat Nov 28 09:29:15 2020
There are 21078 jets.
[3;33mTime Cost : 93.4882 min[0;m
Make Jet Images


Sat Nov 28 11:02:44 2020
There are 21078 jet images.
[3;33mTime Cost : 0.2924 min[0;m
