/home/alan/MC_Samples/Universality_DNN/Preprocess/JSS.py:95: RuntimeWarning: invalid value encountered in double_scalars
  return np.sum(particles['pT']*CalcDeltaRArray(particles, wta_axes).min(axis=0)) / t0(jet)
Input Check and Setting
File is loaded!
Generator (GEN) : pythia
Showering (SHO) : vin
Process (PRO) : ppwz
Read Data and Jet Clustering 


Fri Nov 27 09:55:56 2020
[3;33mTime Cost : 0.2215 min[0;m
Fri Nov 27 09:56:10 2020
[3;33mTime Cost : 6.9226 min[0;m


Fri Nov 27 10:03:05 2020
Read Data


Create Pandas DataFrame


Selection and Trimming


Fri Nov 27 10:03:05 2020
There are 21295 jets.
[3;33mTime Cost : 151.8330 min[0;m
Make Jet Images


Fri Nov 27 12:34:55 2020
There are 21295 jet images.
[3;33mTime Cost : 0.2745 min[0;m
