/home/alan/MC_Samples/Universality_DNN/Preprocess/JSS.py:95: RuntimeWarning: invalid value encountered in double_scalars
  return np.sum(particles['pT']*CalcDeltaRArray(particles, wta_axes).min(axis=0)) / t0(jet)
Input Check and Setting
File is loaded!
Generator (GEN) : pythia
Showering (SHO) : vin
Process (PRO) : ppwz
Read Data and Jet Clustering 


Fri Nov 27 17:29:48 2020
[3;33mTime Cost : 0.1988 min[0;m
Fri Nov 27 17:30:00 2020
[3;33mTime Cost : 6.3967 min[0;m


Fri Nov 27 17:36:24 2020
Read Data


Create Pandas DataFrame


Selection and Trimming


Fri Nov 27 17:36:24 2020
There are 21018 jets.
[3;33mTime Cost : 107.3961 min[0;m
Make Jet Images


Fri Nov 27 19:23:47 2020
There are 21018 jet images.
[3;33mTime Cost : 0.2949 min[0;m
