/home/alan/MC_Samples/Universality_DNN/Preprocess/JSS.py:95: RuntimeWarning: invalid value encountered in double_scalars
  return np.sum(particles['pT']*CalcDeltaRArray(particles, wta_axes).min(axis=0)) / t0(jet)
/home/alan/MC_Samples/Universality_DNN/Preprocess/JSS.py:95: RuntimeWarning: divide by zero encountered in double_scalars
  return np.sum(particles['pT']*CalcDeltaRArray(particles, wta_axes).min(axis=0)) / t0(jet)
Input Check and Setting
File is loaded!
Generator (GEN) : pythia
Showering (SHO) : dip
Process (PRO) : ppwz
Read Data and Jet Clustering 


Fri Nov 27 18:21:04 2020
[3;33mTime Cost : 44.5089 min[0;m
Fri Nov 27 19:05:34 2020
[3;33mTime Cost : 15.4307 min[0;m


Fri Nov 27 19:21:00 2020
Read Data


Create Pandas DataFrame


Selection and Trimming


Fri Nov 27 19:21:00 2020
There are 20721 jets.
[3;33mTime Cost : 59.0915 min[0;m
Make Jet Images


Fri Nov 27 20:20:06 2020
There are 20721 jet images.
[3;33mTime Cost : 0.2862 min[0;m
