/home/alan/MC_Samples/Universality_DNN/Preprocess/JSS.py:95: RuntimeWarning: invalid value encountered in double_scalars
  return np.sum(particles['pT']*CalcDeltaRArray(particles, wta_axes).min(axis=0)) / t0(jet)
/home/alan/MC_Samples/Universality_DNN/Preprocess/JSS.py:95: RuntimeWarning: divide by zero encountered in double_scalars
  return np.sum(particles['pT']*CalcDeltaRArray(particles, wta_axes).min(axis=0)) / t0(jet)
Input Check and Setting
File is loaded!
Generator (GEN) : pythia
Showering (SHO) : dip
Process (PRO) : ppwz
Read Data and Jet Clustering 


Fri Nov 27 17:45:21 2020
[3;33mTime Cost : 46.6080 min[0;m
Fri Nov 27 18:31:58 2020
[3;33mTime Cost : 48.0312 min[0;m


Fri Nov 27 19:20:00 2020
Read Data


Create Pandas DataFrame


Selection and Trimming


Fri Nov 27 19:20:00 2020
There are 20461 jets.
[3;33mTime Cost : 57.7651 min[0;m
Make Jet Images


Fri Nov 27 20:17:46 2020
There are 20461 jet images.
[3;33mTime Cost : 0.2590 min[0;m
