/home/alan/MC_Samples/Universality_DNN/Preprocess/JSS.py:95: RuntimeWarning: invalid value encountered in double_scalars
  return np.sum(particles['pT']*CalcDeltaRArray(particles, wta_axes).min(axis=0)) / t0(jet)
Input Check and Setting
File is loaded!
Generator (GEN) : pythia
Showering (SHO) : dip
Process (PRO) : ppwz
Read Data and Jet Clustering 


Sat Nov 28 09:25:50 2020
[3;33mTime Cost : 0.2438 min[0;m
Sat Nov 28 09:26:04 2020
[3;33mTime Cost : 67.3755 min[0;m


Sat Nov 28 10:33:27 2020
Read Data


Create Pandas DataFrame


Selection and Trimming


Sat Nov 28 10:33:27 2020
There are 20700 jets.
[3;33mTime Cost : 63.4405 min[0;m
Make Jet Images


Sat Nov 28 11:36:53 2020
There are 20700 jet images.
[3;33mTime Cost : 0.2557 min[0;m
