/home/alan/MC_Samples/Universality_DNN/Preprocess/JSS.py:95: RuntimeWarning: invalid value encountered in double_scalars
  return np.sum(particles['pT']*CalcDeltaRArray(particles, wta_axes).min(axis=0)) / t0(jet)
Input Check and Setting
File is loaded!
Generator (GEN) : pythia
Showering (SHO) : dip
Process (PRO) : ppwz
Read Data and Jet Clustering 


Fri Nov 27 09:58:12 2020
[3;33mTime Cost : 0.2493 min[0;m
Fri Nov 27 09:58:27 2020
[3;33mTime Cost : 78.4718 min[0;m


Fri Nov 27 11:16:55 2020
Read Data


Create Pandas DataFrame


Selection and Trimming


Fri Nov 27 11:16:55 2020
There are 20376 jets.
[3;33mTime Cost : 95.8032 min[0;m
Make Jet Images


Fri Nov 27 12:52:43 2020
There are 20376 jet images.
[3;33mTime Cost : 0.2592 min[0;m
