/home/alan/MC_Samples/Universality_DNN/Preprocess/JSS.py:95: RuntimeWarning: invalid value encountered in double_scalars
  return np.sum(particles['pT']*CalcDeltaRArray(particles, wta_axes).min(axis=0)) / t0(jet)
Input Check and Setting
File is loaded!
Generator (GEN) : pythia
Showering (SHO) : dip
Process (PRO) : ppwz
Read Data and Jet Clustering 


Fri Nov 27 10:00:53 2020
[3;33mTime Cost : 0.2619 min[0;m
Fri Nov 27 10:01:09 2020
[3;33mTime Cost : 125.0733 min[0;m


Fri Nov 27 12:06:13 2020
Read Data


Create Pandas DataFrame


Selection and Trimming


Fri Nov 27 12:06:13 2020
There are 20679 jets.
[3;33mTime Cost : 61.9424 min[0;m
Make Jet Images


Fri Nov 27 13:08:10 2020
There are 20679 jet images.
[3;33mTime Cost : 0.2517 min[0;m
