/home/alan/MC_Samples/Universality_DNN/Preprocess/JSS.py:95: RuntimeWarning: divide by zero encountered in double_scalars
  return np.sum(particles['pT']*CalcDeltaRArray(particles, wta_axes).min(axis=0)) / t0(jet)
/home/alan/MC_Samples/Universality_DNN/Preprocess/JSS.py:95: RuntimeWarning: invalid value encountered in double_scalars
  return np.sum(particles['pT']*CalcDeltaRArray(particles, wta_axes).min(axis=0)) / t0(jet)
Input Check and Setting
File is loaded!
Generator (GEN) : pythia
Showering (SHO) : dip
Process (PRO) : ppwz
Read Data and Jet Clustering 


Fri Nov 27 09:59:32 2020
[3;33mTime Cost : 0.2594 min[0;m
Fri Nov 27 09:59:48 2020
[3;33mTime Cost : 106.8583 min[0;m


Fri Nov 27 11:46:48 2020
Read Data


Create Pandas DataFrame


Selection and Trimming


Fri Nov 27 11:47:13 2020
There are 20759 jets.
[3;33mTime Cost : 76.3847 min[0;m
Make Jet Images


Fri Nov 27 13:03:36 2020
There are 20759 jet images.
[3;33mTime Cost : 0.2528 min[0;m
