/home/alan/MC_Samples/Universality_DNN/Preprocess/JSS.py:95: RuntimeWarning: invalid value encountered in double_scalars
  return np.sum(particles['pT']*CalcDeltaRArray(particles, wta_axes).min(axis=0)) / t0(jet)
Input Check and Setting
File is loaded!
Generator (GEN) : pythia
Showering (SHO) : dip
Process (PRO) : ppwz
Read Data and Jet Clustering 


Sat Nov 28 09:25:02 2020
[3;33mTime Cost : 0.2450 min[0;m
Sat Nov 28 09:25:17 2020
[3;33mTime Cost : 67.2065 min[0;m


Sat Nov 28 10:32:29 2020
Read Data


Create Pandas DataFrame


Selection and Trimming


Sat Nov 28 10:32:29 2020
There are 20257 jets.
[3;33mTime Cost : 63.7518 min[0;m
Make Jet Images


Sat Nov 28 11:36:14 2020
There are 20257 jet images.
[3;33mTime Cost : 0.2502 min[0;m
