/home/alan/MC_Samples/Universality_DNN/Preprocess/JSS.py:95: RuntimeWarning: invalid value encountered in double_scalars
  return np.sum(particles['pT']*CalcDeltaRArray(particles, wta_axes).min(axis=0)) / t0(jet)
Input Check and Setting
File is loaded!
Generator (GEN) : pythia
Showering (SHO) : dip
Process (PRO) : ppwz
Read Data and Jet Clustering 


Sat Nov 28 22:30:03 2020
[3;33mTime Cost : 0.2182 min[0;m
Sat Nov 28 22:30:16 2020
[3;33mTime Cost : 8.6230 min[0;m


Sat Nov 28 22:38:53 2020
Read Data


Create Pandas DataFrame


Selection and Trimming


Sat Nov 28 22:38:53 2020
There are 20686 jets.
[3;33mTime Cost : 58.4694 min[0;m
Make Jet Images


Sat Nov 28 23:37:21 2020
There are 20686 jet images.
[3;33mTime Cost : 0.2787 min[0;m
