/home/alan/MC_Samples/Universality_DNN/Preprocess/JSS.py:95: RuntimeWarning: invalid value encountered in double_scalars
  return np.sum(particles['pT']*CalcDeltaRArray(particles, wta_axes).min(axis=0)) / t0(jet)
Input Check and Setting
File is loaded!
Generator (GEN) : pythia
Showering (SHO) : dip
Process (PRO) : ppjj
Read Data and Jet Clustering 


Fri Nov 27 19:17:28 2020
[3;33mTime Cost : 18.5961 min[0;m
Fri Nov 27 19:36:03 2020
[3;33mTime Cost : 10.6417 min[0;m


Fri Nov 27 19:46:42 2020
Read Data


Create Pandas DataFrame


Selection and Trimming


Fri Nov 27 19:46:42 2020
There are 15076 jets.
[3;33mTime Cost : 79.5776 min[0;m
Make Jet Images


Fri Nov 27 21:06:16 2020
There are 15076 jet images.
[3;33mTime Cost : 0.1899 min[0;m
