/home/alan/MC_Samples/Universality_DNN/Preprocess/JSS.py:95: RuntimeWarning: invalid value encountered in double_scalars
  return np.sum(particles['pT']*CalcDeltaRArray(particles, wta_axes).min(axis=0)) / t0(jet)
Input Check and Setting
File is loaded!
Generator (GEN) : pythia
Showering (SHO) : dip
Process (PRO) : ppjj
Read Data and Jet Clustering 


Sat Nov 28 14:53:27 2020
[3;33mTime Cost : 0.2450 min[0;m
Sat Nov 28 14:53:42 2020
[3;33mTime Cost : 10.1152 min[0;m


Sat Nov 28 15:03:49 2020
Read Data


Create Pandas DataFrame


Selection and Trimming


Sat Nov 28 15:03:49 2020
There are 15154 jets.
[3;33mTime Cost : 79.5268 min[0;m
Make Jet Images


Sat Nov 28 16:23:21 2020
There are 15154 jet images.
[3;33mTime Cost : 0.1800 min[0;m
