Input Check and Setting
File is loaded!
Generator (GEN) : pythia
Showering (SHO) : dip
Process (PRO) : ppjj
Read Data and Jet Clustering 


Sat Nov 28 17:24:56 2020
[3;33mTime Cost : 0.2580 min[0;m
Sat Nov 28 17:25:12 2020
[3;33mTime Cost : 10.5450 min[0;m


Sat Nov 28 17:35:44 2020
Read Data


Create Pandas DataFrame


Selection and Trimming


Sat Nov 28 17:35:44 2020
There are 15208 jets.
[3;33mTime Cost : 84.3105 min[0;m
Make Jet Images


Sat Nov 28 19:00:03 2020
There are 15208 jet images.
[3;33mTime Cost : 0.1954 min[0;m
