/home/alan/MC_Samples/Universality_DNN/Preprocess/JSS.py:95: RuntimeWarning: invalid value encountered in double_scalars
  return np.sum(particles['pT']*CalcDeltaRArray(particles, wta_axes).min(axis=0)) / t0(jet)
Input Check and Setting
File is loaded!
Generator (GEN) : pythia
Showering (SHO) : dip
Process (PRO) : ppjj
Read Data and Jet Clustering 


Fri Nov 27 19:12:07 2020
[3;33mTime Cost : 23.5523 min[0;m
Fri Nov 27 19:35:40 2020
[3;33mTime Cost : 10.7138 min[0;m


Fri Nov 27 19:46:23 2020
Read Data


Create Pandas DataFrame


Selection and Trimming


Fri Nov 27 19:46:23 2020
There are 15250 jets.
[3;33mTime Cost : 81.0983 min[0;m
Make Jet Images


Fri Nov 27 21:07:28 2020
There are 15250 jet images.
[3;33mTime Cost : 0.1911 min[0;m
