/home/alan/MC_Samples/Universality_DNN/Preprocess/JSS.py:95: RuntimeWarning: invalid value encountered in double_scalars
  return np.sum(particles['pT']*CalcDeltaRArray(particles, wta_axes).min(axis=0)) / t0(jet)
Input Check and Setting
File is loaded!
Generator (GEN) : pythia
Showering (SHO) : dip
Process (PRO) : ppjj
Read Data and Jet Clustering 


Fri Nov 27 10:05:17 2020
[3;33mTime Cost : 0.3026 min[0;m
Fri Nov 27 10:05:36 2020
[3;33mTime Cost : 134.4333 min[0;m


Fri Nov 27 12:20:02 2020
Read Data


Create Pandas DataFrame


Selection and Trimming


Fri Nov 27 12:20:02 2020
There are 14958 jets.
[3;33mTime Cost : 80.0420 min[0;m
Make Jet Images


Fri Nov 27 13:40:04 2020
There are 14958 jet images.
[3;33mTime Cost : 0.1953 min[0;m
