/home/alan/MC_Samples/Universality_DNN/Preprocess/JSS.py:95: RuntimeWarning: invalid value encountered in double_scalars
  return np.sum(particles['pT']*CalcDeltaRArray(particles, wta_axes).min(axis=0)) / t0(jet)
Input Check and Setting
File is loaded!
Generator (GEN) : pythia
Showering (SHO) : dip
Process (PRO) : ppjj
Read Data and Jet Clustering 


Sat Nov 28 17:24:35 2020
[3;33mTime Cost : 0.2674 min[0;m
Sat Nov 28 17:24:51 2020
[3;33mTime Cost : 10.7261 min[0;m


Sat Nov 28 17:35:35 2020
Read Data


Create Pandas DataFrame


Selection and Trimming


Sat Nov 28 17:35:35 2020
There are 15195 jets.
[3;33mTime Cost : 83.7862 min[0;m
Make Jet Images


Sat Nov 28 18:59:22 2020
There are 15195 jet images.
[3;33mTime Cost : 0.1900 min[0;m
