/home/alan/MC_Samples/Universality_DNN/Preprocess/JSS.py:95: RuntimeWarning: invalid value encountered in double_scalars
  return np.sum(particles['pT']*CalcDeltaRArray(particles, wta_axes).min(axis=0)) / t0(jet)
Input Check and Setting
File is loaded!
Generator (GEN) : pythia
Showering (SHO) : dip
Process (PRO) : ppjj
Read Data and Jet Clustering 


Sat Nov 28 13:09:57 2020
[3;33mTime Cost : 0.2527 min[0;m
Sat Nov 28 13:10:13 2020
[3;33mTime Cost : 10.0693 min[0;m


Sat Nov 28 13:20:17 2020
Read Data


Create Pandas DataFrame


Selection and Trimming


Sat Nov 28 13:20:17 2020
There are 15310 jets.
[3;33mTime Cost : 80.3250 min[0;m
Make Jet Images


Sat Nov 28 14:40:36 2020
There are 15310 jet images.
[3;33mTime Cost : 0.1797 min[0;m
