/home/alan/MC_Samples/Universality_DNN/Preprocess/JSS.py:95: RuntimeWarning: invalid value encountered in double_scalars
  return np.sum(particles['pT']*CalcDeltaRArray(particles, wta_axes).min(axis=0)) / t0(jet)
Input Check and Setting
File is loaded!
Generator (GEN) : pythia
Showering (SHO) : dip
Process (PRO) : ppjj
Read Data and Jet Clustering 


Sat Nov 28 13:10:08 2020
[3;33mTime Cost : 0.2409 min[0;m
Sat Nov 28 13:10:23 2020
[3;33mTime Cost : 10.0416 min[0;m


Sat Nov 28 13:20:25 2020
Read Data


Create Pandas DataFrame


Selection and Trimming


Sat Nov 28 13:20:25 2020
There are 15171 jets.
[3;33mTime Cost : 79.9709 min[0;m
Make Jet Images


Sat Nov 28 14:40:23 2020
There are 15171 jet images.
[3;33mTime Cost : 0.1863 min[0;m
