/home/alan/MC_Samples/Universality_DNN/Preprocess/JSS.py:95: RuntimeWarning: invalid value encountered in double_scalars
  return np.sum(particles['pT']*CalcDeltaRArray(particles, wta_axes).min(axis=0)) / t0(jet)
Input Check and Setting
File is loaded!
Generator (GEN) : pythia
Showering (SHO) : dip
Process (PRO) : ppjj
Read Data and Jet Clustering 


Sat Nov 28 09:29:37 2020
[3;33mTime Cost : 0.5492 min[0;m
Sat Nov 28 09:30:10 2020
[3;33mTime Cost : 75.5807 min[0;m


Sat Nov 28 10:45:45 2020
Read Data


Create Pandas DataFrame


Selection and Trimming


Sat Nov 28 10:45:45 2020
There are 15105 jets.
[3;33mTime Cost : 81.9905 min[0;m
Make Jet Images


Sat Nov 28 12:07:44 2020
There are 15105 jet images.
[3;33mTime Cost : 0.1769 min[0;m
