/home/alan/MC_Samples/Universality_DNN/Preprocess/JSS.py:95: RuntimeWarning: invalid value encountered in double_scalars
  return np.sum(particles['pT']*CalcDeltaRArray(particles, wta_axes).min(axis=0)) / t0(jet)
Input Check and Setting
File is loaded!
Generator (GEN) : pythia
Showering (SHO) : dip
Process (PRO) : ppjj
Read Data and Jet Clustering 


Fri Nov 27 10:05:24 2020
[3;33mTime Cost : 0.5418 min[0;m
Fri Nov 27 10:05:56 2020
[3;33mTime Cost : 133.2364 min[0;m


Fri Nov 27 12:19:11 2020
Read Data


Create Pandas DataFrame


Selection and Trimming


Fri Nov 27 12:19:11 2020
There are 15112 jets.
[3;33mTime Cost : 83.5354 min[0;m
Make Jet Images


Fri Nov 27 13:42:43 2020
There are 15112 jet images.
[3;33mTime Cost : 0.1999 min[0;m
