/home/alan/MC_Samples/Universality_DNN/Preprocess/JSS.py:95: RuntimeWarning: invalid value encountered in double_scalars
  return np.sum(particles['pT']*CalcDeltaRArray(particles, wta_axes).min(axis=0)) / t0(jet)
Input Check and Setting
File is loaded!
Generator (GEN) : pythia
Showering (SHO) : dip
Process (PRO) : ppjj
Read Data and Jet Clustering 


Sat Nov 28 09:29:42 2020
[3;33mTime Cost : 0.4589 min[0;m
Sat Nov 28 09:30:10 2020
[3;33mTime Cost : 76.8707 min[0;m


Sat Nov 28 10:47:02 2020
Read Data


Create Pandas DataFrame


Selection and Trimming


Sat Nov 28 10:47:02 2020
There are 15235 jets.
[3;33mTime Cost : 82.9670 min[0;m
Make Jet Images


Sat Nov 28 12:10:00 2020
There are 15235 jet images.
[3;33mTime Cost : 0.1704 min[0;m
