Input Check and Setting
File is loaded!
Generator (GEN) : pythia
Showering (SHO) : dip
Process (PRO) : ppjj
Read Data and Jet Clustering 


Sat Nov 28 14:53:46 2020
[3;33mTime Cost : 0.2464 min[0;m
Sat Nov 28 14:54:00 2020
[3;33mTime Cost : 10.3391 min[0;m


Sat Nov 28 15:04:21 2020
Read Data


Create Pandas DataFrame


Selection and Trimming


Sat Nov 28 15:04:21 2020
There are 15233 jets.
[3;33mTime Cost : 78.8366 min[0;m
Make Jet Images


Sat Nov 28 16:23:11 2020
There are 15233 jet images.
[3;33mTime Cost : 0.1984 min[0;m
