/home/alan/MC_Samples/Universality_DNN/Preprocess/JSS.py:95: RuntimeWarning: invalid value encountered in double_scalars
  return np.sum(particles['pT']*CalcDeltaRArray(particles, wta_axes).min(axis=0)) / t0(jet)
Input Check and Setting
File is loaded!
Generator (GEN) : pythia
Showering (SHO) : def
Process (PRO) : ppjj
Read Data and Jet Clustering 


Sat Nov 28 13:10:38 2020
[3;33mTime Cost : 0.2309 min[0;m
Sat Nov 28 13:10:52 2020
[3;33mTime Cost : 8.8899 min[0;m


Sat Nov 28 13:19:45 2020
Read Data


Create Pandas DataFrame


Selection and Trimming


Sat Nov 28 13:19:45 2020
There are 19742 jets.
[3;33mTime Cost : 82.4452 min[0;m
Make Jet Images


Sat Nov 28 14:42:12 2020
There are 19742 jet images.
[3;33mTime Cost : 0.2188 min[0;m
