/home/alan/MC_Samples/Universality_DNN/Preprocess/JSS.py:95: RuntimeWarning: invalid value encountered in double_scalars
  return np.sum(particles['pT']*CalcDeltaRArray(particles, wta_axes).min(axis=0)) / t0(jet)
Input Check and Setting
File is loaded!
Generator (GEN) : pythia
Showering (SHO) : def
Process (PRO) : ppjj
Read Data and Jet Clustering 


Sat Nov 28 22:34:41 2020
[3;33mTime Cost : 0.2473 min[0;m
Sat Nov 28 22:34:56 2020
[3;33mTime Cost : 9.3510 min[0;m


Sat Nov 28 22:44:17 2020
Read Data


Create Pandas DataFrame


Selection and Trimming


Sat Nov 28 22:44:17 2020
There are 19578 jets.
[3;33mTime Cost : 83.2125 min[0;m
Make Jet Images


Sun Nov 29 00:07:30 2020
There are 19578 jet images.
[3;33mTime Cost : 0.2545 min[0;m
