Input Check and Setting
File is loaded!
Generator (GEN) : pythia
Showering (SHO) : def
Process (PRO) : ppjj
Read Data and Jet Clustering 


Sat Nov 28 14:53:58 2020
[3;33mTime Cost : 0.2279 min[0;m
Sat Nov 28 14:54:12 2020
[3;33mTime Cost : 8.7889 min[0;m


Sat Nov 28 15:02:59 2020
Read Data


Create Pandas DataFrame


Selection and Trimming


Sat Nov 28 15:02:59 2020
There are 19473 jets.
[3;33mTime Cost : 80.3790 min[0;m
Make Jet Images


Sat Nov 28 16:23:22 2020
There are 19473 jet images.
[3;33mTime Cost : 0.2183 min[0;m
