/home/alan/MC_Samples/Universality_DNN/Preprocess/JSS.py:95: RuntimeWarning: invalid value encountered in double_scalars
  return np.sum(particles['pT']*CalcDeltaRArray(particles, wta_axes).min(axis=0)) / t0(jet)
Input Check and Setting
File is loaded!
Generator (GEN) : pythia
Showering (SHO) : def
Process (PRO) : ppjj
Read Data and Jet Clustering 


Sat Nov 28 09:31:16 2020
[3;33mTime Cost : 0.3409 min[0;m
Sat Nov 28 09:31:36 2020
[3;33mTime Cost : 75.1496 min[0;m


Sat Nov 28 10:46:45 2020
Read Data


Create Pandas DataFrame


Selection and Trimming


Sat Nov 28 10:46:45 2020
There are 19670 jets.
[3;33mTime Cost : 83.9729 min[0;m
Make Jet Images


Sat Nov 28 12:10:43 2020
There are 19670 jet images.
[3;33mTime Cost : 0.2157 min[0;m
