Input Check and Setting
File is loaded!
Generator (GEN) : pythia
Showering (SHO) : def
Process (PRO) : ppjj
Read Data and Jet Clustering 


Sat Nov 28 17:25:46 2020
[3;33mTime Cost : 0.2724 min[0;m
Sat Nov 28 17:26:02 2020
[3;33mTime Cost : 9.2326 min[0;m


Sat Nov 28 17:35:16 2020
Read Data


Create Pandas DataFrame


Selection and Trimming


Sat Nov 28 17:35:16 2020
There are 19388 jets.
[3;33mTime Cost : 83.5813 min[0;m
Make Jet Images


Sat Nov 28 18:58:51 2020
There are 19388 jet images.
[3;33mTime Cost : 0.2245 min[0;m
