/home/alan/MC_Samples/Universality_DNN/Preprocess/JSS.py:95: RuntimeWarning: invalid value encountered in double_scalars
  return np.sum(particles['pT']*CalcDeltaRArray(particles, wta_axes).min(axis=0)) / t0(jet)
Input Check and Setting
File is loaded!
Generator (GEN) : pythia
Showering (SHO) : def
Process (PRO) : ppjj
Read Data and Jet Clustering 


Sat Nov 28 17:25:58 2020
[3;33mTime Cost : 0.2706 min[0;m
Sat Nov 28 17:26:14 2020
[3;33mTime Cost : 9.4755 min[0;m


Sat Nov 28 17:35:43 2020
Read Data


Create Pandas DataFrame


Selection and Trimming


Sat Nov 28 17:35:43 2020
There are 19552 jets.
[3;33mTime Cost : 86.1528 min[0;m
Make Jet Images


Sat Nov 28 19:01:52 2020
There are 19552 jet images.
[3;33mTime Cost : 0.2163 min[0;m
