Input Check and Setting
File is loaded!
Generator (GEN) : pythia
Showering (SHO) : def
Process (PRO) : ppjj
Read Data and Jet Clustering 


Sat Nov 28 09:31:06 2020
[3;33mTime Cost : 38.1007 min[0;m
Sat Nov 28 10:09:12 2020
[3;33mTime Cost : 39.1253 min[0;m


Sat Nov 28 10:48:19 2020
Read Data


Create Pandas DataFrame


Selection and Trimming


Sat Nov 28 10:48:19 2020
There are 19472 jets.
[3;33mTime Cost : 84.1839 min[0;m
Make Jet Images


Sat Nov 28 12:12:30 2020
There are 19472 jet images.
[3;33mTime Cost : 0.2156 min[0;m
