/home/alan/MC_Samples/Universality_DNN/Preprocess/JSS.py:95: RuntimeWarning: invalid value encountered in double_scalars
  return np.sum(particles['pT']*CalcDeltaRArray(particles, wta_axes).min(axis=0)) / t0(jet)
Input Check and Setting
File is loaded!
Generator (GEN) : pythia
Showering (SHO) : def
Process (PRO) : ppjj
Read Data and Jet Clustering 


Sat Nov 28 14:54:02 2020
[3;33mTime Cost : 0.2315 min[0;m
Sat Nov 28 14:54:16 2020
[3;33mTime Cost : 8.7682 min[0;m


Sat Nov 28 15:03:02 2020
Read Data


Create Pandas DataFrame


Selection and Trimming


Sat Nov 28 15:03:02 2020
There are 19431 jets.
[3;33mTime Cost : 80.4195 min[0;m
Make Jet Images


Sat Nov 28 16:23:27 2020
There are 19431 jet images.
[3;33mTime Cost : 0.2247 min[0;m
