Input Check and Setting
File is loaded!
Generator (GEN) : pythia
Showering (SHO) : def
Process (PRO) : ppjj
Read Data and Jet Clustering 


Sat Nov 28 17:25:53 2020
[3;33mTime Cost : 0.2772 min[0;m
Sat Nov 28 17:26:10 2020
[3;33mTime Cost : 9.3050 min[0;m


Sat Nov 28 17:35:28 2020
Read Data


Create Pandas DataFrame


Selection and Trimming


Sat Nov 28 17:35:28 2020
There are 19701 jets.
[3;33mTime Cost : 83.5150 min[0;m
Make Jet Images


Sat Nov 28 18:58:59 2020
There are 19701 jet images.
[3;33mTime Cost : 0.2227 min[0;m
