/home/alan/MC_Samples/Universality_DNN/Preprocess/JSS.py:95: RuntimeWarning: invalid value encountered in double_scalars
  return np.sum(particles['pT']*CalcDeltaRArray(particles, wta_axes).min(axis=0)) / t0(jet)
Input Check and Setting
File is loaded!
Generator (GEN) : pythia
Showering (SHO) : def
Process (PRO) : ppjj
Read Data and Jet Clustering 


Fri Nov 27 10:06:10 2020
[3;33mTime Cost : 105.5673 min[0;m
Fri Nov 27 11:51:44 2020
[3;33mTime Cost : 34.3879 min[0;m


Fri Nov 27 12:26:07 2020
Read Data


Create Pandas DataFrame


Selection and Trimming


Fri Nov 27 12:26:07 2020
There are 19516 jets.
[3;33mTime Cost : 81.9840 min[0;m
Make Jet Images


Fri Nov 27 13:48:06 2020
There are 19516 jet images.
[3;33mTime Cost : 0.2193 min[0;m
