/home/alan/MC_Samples/Universality_DNN/Preprocess/JSS.py:95: RuntimeWarning: invalid value encountered in double_scalars
  return np.sum(particles['pT']*CalcDeltaRArray(particles, wta_axes).min(axis=0)) / t0(jet)
Input Check and Setting
File is loaded!
Generator (GEN) : pythia
Showering (SHO) : def
Process (PRO) : ppjj
Read Data and Jet Clustering 


Fri Nov 27 10:06:01 2020
[3;33mTime Cost : 119.0861 min[0;m
Fri Nov 27 12:05:06 2020
[3;33mTime Cost : 21.2059 min[0;m


Fri Nov 27 12:26:19 2020
Read Data


Create Pandas DataFrame


Selection and Trimming


Fri Nov 27 12:26:19 2020
There are 19572 jets.
[3;33mTime Cost : 82.1098 min[0;m
Make Jet Images


Fri Nov 27 13:48:25 2020
There are 19572 jet images.
[3;33mTime Cost : 0.2165 min[0;m
