Input Check and Setting
File is loaded!
Generator (GEN) : herwig
Showering (SHO) : ang
Process (PRO) : ppjj
Read Data and Jet Clustering 


Sat Nov 28 09:10:57 2020
[3;33mTime Cost : 0.2176 min[0;m
Sat Nov 28 09:11:10 2020
[3;33mTime Cost : 7.9785 min[0;m


Sat Nov 28 09:19:09 2020
Read Data


Create Pandas DataFrame


Selection and Trimming


Sat Nov 28 09:19:09 2020
There are 15717 jets.
[3;33mTime Cost : 114.2340 min[0;m
Make Jet Images


Sat Nov 28 11:13:23 2020
There are 15717 jet images.
[3;33mTime Cost : 0.2030 min[0;m
