Input Check and Setting
File is loaded!
Generator (GEN) : herwig
Showering (SHO) : ang
Process (PRO) : ppjj
Read Data and Jet Clustering 


Fri Nov 27 09:51:04 2020
[3;33mTime Cost : 0.2330 min[0;m
Fri Nov 27 09:51:18 2020
[3;33mTime Cost : 8.6413 min[0;m


Fri Nov 27 09:59:57 2020
Read Data


Create Pandas DataFrame


Selection and Trimming


Fri Nov 27 09:59:57 2020
There are 15590 jets.
[3;33mTime Cost : 167.2716 min[0;m
Make Jet Images


Fri Nov 27 12:47:13 2020
There are 15590 jet images.
[3;33mTime Cost : 0.2609 min[0;m
