/home/alan/MC_Samples/Universality_DNN/Preprocess/JSS.py:95: RuntimeWarning: invalid value encountered in double_scalars
  return np.sum(particles['pT']*CalcDeltaRArray(particles, wta_axes).min(axis=0)) / t0(jet)
Input Check and Setting
File is loaded!
Generator (GEN) : herwig
Showering (SHO) : ang
Process (PRO) : ppjj
Read Data and Jet Clustering 


Fri Nov 27 17:44:14 2020
[3;33mTime Cost : 0.2432 min[0;m
Fri Nov 27 17:44:29 2020
[3;33mTime Cost : 93.2009 min[0;m


Fri Nov 27 19:17:41 2020
Read Data


Create Pandas DataFrame


Selection and Trimming


Fri Nov 27 19:17:41 2020
There are 15669 jets.
[3;33mTime Cost : 63.4640 min[0;m
Make Jet Images


Fri Nov 27 20:21:09 2020
There are 15669 jet images.
[3;33mTime Cost : 0.1909 min[0;m
