Input Check and Setting
File is loaded!
Generator (GEN) : herwig
Showering (SHO) : ang
Process (PRO) : ppjj
Read Data and Jet Clustering 


Sat Nov 28 17:23:54 2020
[3;33mTime Cost : 0.2237 min[0;m
Sat Nov 28 17:24:07 2020
[3;33mTime Cost : 8.4468 min[0;m


Sat Nov 28 17:32:34 2020
Read Data


Create Pandas DataFrame


Selection and Trimming


Sat Nov 28 17:32:34 2020
There are 15856 jets.
[3;33mTime Cost : 65.1640 min[0;m
Make Jet Images


Sat Nov 28 18:37:44 2020
There are 15856 jet images.
[3;33mTime Cost : 0.1989 min[0;m
