/home/alan/MC_Samples/Universality_DNN/Preprocess/JSS.py:95: RuntimeWarning: invalid value encountered in double_scalars
  return np.sum(particles['pT']*CalcDeltaRArray(particles, wta_axes).min(axis=0)) / t0(jet)
Input Check and Setting
File is loaded!
Generator (GEN) : herwig
Showering (SHO) : ang
Process (PRO) : ppjj
Read Data and Jet Clustering 


Sat Nov 28 14:52:27 2020
[3;33mTime Cost : 0.2150 min[0;m
Sat Nov 28 14:52:40 2020
[3;33mTime Cost : 8.0222 min[0;m


Sat Nov 28 15:00:41 2020
Read Data


Create Pandas DataFrame


Selection and Trimming


Sat Nov 28 15:00:41 2020
There are 15740 jets.
[3;33mTime Cost : 61.4642 min[0;m
Make Jet Images


Sat Nov 28 16:02:09 2020
There are 15740 jet images.
[3;33mTime Cost : 0.1923 min[0;m
