Input Check and Setting
File is loaded!
Generator (GEN) : herwig
Showering (SHO) : ang
Process (PRO) : ppjj
Read Data and Jet Clustering 


Sat Nov 28 09:11:42 2020
[3;33mTime Cost : 0.2150 min[0;m
Sat Nov 28 09:11:55 2020
[3;33mTime Cost : 8.0237 min[0;m


Sat Nov 28 09:19:56 2020
Read Data


Create Pandas DataFrame


Selection and Trimming


Sat Nov 28 09:19:56 2020
There are 15632 jets.
[3;33mTime Cost : 111.5965 min[0;m
Make Jet Images


Sat Nov 28 11:11:32 2020
There are 15632 jet images.
[3;33mTime Cost : 0.2086 min[0;m
