Start Running
Mon Nov  2 12:05:59 UTC 2020
Random Seed =  17735
2020 Nov 11
12:58:40 PM
Random Seed =  18251
2020 Nov 11
01:45:41 PM
Random Seed =  9856
2020 Nov 11
02:38:05 PM
Random Seed =  10391
2020 Nov 11
05:46:20 PM
Random Seed =  29957
2020 Nov 11
08:42:33 PM
Random Seed =  18315
2020 Nov 11
11:35:31 PM
Random Seed =  30966
2020 Nov 11
01:26:20 AM
Random Seed =  1987
2020 Nov 11
02:22:51 AM
Random Seed =  17636
2020 Nov 11
03:19:02 AM
Start UnZip < .hepmc2g >
Tue Nov  3 03:19:02 UTC 2020
i=2
2020 Nov 11
03:35:31 AM
i=3
2020 Nov 11
03:54:25 AM
i=4
2020 Nov 11
04:16:50 AM
i=5
2020 Nov 11
04:40:21 AM
i=6
2020 Nov 11
05:08:45 AM
i=7
2020 Nov 11
05:35:38 AM
i=8
2020 Nov 11
06:04:14 AM
i=9
2020 Nov 11
06:32:54 AM
i=10
2020 Nov 11
07:04:23 AM
Finish
Tue Nov  3 07:04:23 UTC 2020
